2025-06-14 09:19:15,947 [main] [trace=] INFO  com.example.demo.DemoApplication - Starting DemoApplication using Java 23.0.1 with PID 7100 (F:\Projects\Learning Java\Project-Day_10-15\target\classes started by Mateen in F:\Projects\Learning Java\Project-Day_10-15)
2025-06-14 09:19:15,952 [main] [trace=] DEBUG com.example.demo.DemoApplication - Running with Spring Boot v3.4.5, Spring v6.2.6
2025-06-14 09:19:15,959 [main] [trace=] INFO  com.example.demo.DemoApplication - No active profile set, falling back to 1 default profile: "default"
2025-06-14 09:19:17,757 [main] [trace=] INFO  o.s.d.r.c.RepositoryConfigurationDelegate - Bootstrapping Spring Data JPA repositories in DEFAULT mode.
2025-06-14 09:19:17,884 [main] [trace=] INFO  o.s.d.r.c.RepositoryConfigurationDelegate - Finished Spring Data repository scanning in 102 ms. Found 2 JPA repository interfaces.
2025-06-14 09:19:19,422 [main] [trace=] INFO  o.s.b.w.e.tomcat.TomcatWebServer - Tomcat initialized with port 8080 (http)
2025-06-14 09:19:19,454 [main] [trace=] INFO  o.a.coyote.http11.Http11NioProtocol - Initializing ProtocolHandler ["http-nio-8080"]
2025-06-14 09:19:19,461 [main] [trace=] INFO  o.a.catalina.core.StandardService - Starting service [Tomcat]
2025-06-14 09:19:19,462 [main] [trace=] INFO  o.a.catalina.core.StandardEngine - Starting Servlet engine: [Apache Tomcat/10.1.40]
2025-06-14 09:19:19,576 [main] [trace=] INFO  o.a.c.c.C.[Tomcat].[localhost].[/] - Initializing Spring embedded WebApplicationContext
2025-06-14 09:19:19,576 [main] [trace=] INFO  o.s.b.w.s.c.ServletWebServerApplicationContext - Root WebApplicationContext: initialization completed in 3487 ms
2025-06-14 09:19:19,994 [main] [trace=] INFO  com.zaxxer.hikari.HikariDataSource - HikariPool-1 - Starting...
2025-06-14 09:19:20,442 [main] [trace=] INFO  com.zaxxer.hikari.pool.HikariPool - HikariPool-1 - Added connection org.postgresql.jdbc.PgConnection@55222ee9
2025-06-14 09:19:20,444 [main] [trace=] INFO  com.zaxxer.hikari.HikariDataSource - HikariPool-1 - Start completed.
2025-06-14 09:19:20,958 [main] [trace=] INFO  liquibase.database - Set default schema name to public
2025-06-14 09:19:21,891 [main] [trace=] INFO  liquibase.changelog - Reading from public.databasechangelog
2025-06-14 09:19:22,040 [main] [trace=] INFO  liquibase.ui - Database is up to date, no changesets to execute
2025-06-14 09:19:22,047 [main] [trace=] INFO  liquibase.changelog - Reading from public.databasechangelog
2025-06-14 09:19:22,071 [main] [trace=] INFO  liquibase.util - UPDATE SUMMARY
2025-06-14 09:19:22,072 [main] [trace=] INFO  liquibase.util - Run:                          0
2025-06-14 09:19:22,073 [main] [trace=] INFO  liquibase.util - Previously run:               2
2025-06-14 09:19:22,075 [main] [trace=] INFO  liquibase.util - Filtered out:                 0
2025-06-14 09:19:22,076 [main] [trace=] INFO  liquibase.util - -------------------------------
2025-06-14 09:19:22,077 [main] [trace=] INFO  liquibase.util - Total change sets:            2
2025-06-14 09:19:22,081 [main] [trace=] INFO  liquibase.util - Update summary generated
2025-06-14 09:19:22,083 [main] [trace=] INFO  liquibase.command - Command execution complete
2025-06-14 09:19:22,390 [main] [trace=] INFO  o.h.jpa.internal.util.LogHelper - HHH000204: Processing PersistenceUnitInfo [name: default]
2025-06-14 09:19:22,494 [main] [trace=] INFO  org.hibernate.Version - HHH000412: Hibernate ORM core version 6.6.13.Final
2025-06-14 09:19:22,548 [main] [trace=] INFO  o.h.c.i.RegionFactoryInitiator - HHH000026: Second-level cache disabled
2025-06-14 09:19:23,035 [main] [trace=] INFO  o.s.o.j.p.SpringPersistenceUnitInfo - No LoadTimeWeaver setup: ignoring JPA class transformer
2025-06-14 09:19:23,147 [main] [trace=] INFO  o.hibernate.orm.connections.pooling - HHH10001005: Database info:
	Database JDBC URL [Connecting through datasource 'HikariDataSource (HikariPool-1)']
	Database driver: undefined/unknown
	Database version: 15.13
	Autocommit mode: undefined/unknown
	Isolation level: undefined/unknown
	Minimum pool size: undefined/unknown
	Maximum pool size: undefined/unknown
2025-06-14 09:19:24,325 [main] [trace=] INFO  o.h.e.t.j.p.i.JtaPlatformInitiator - HHH000489: No JTA platform available (set 'hibernate.transaction.jta.platform' to enable JTA platform integration)
2025-06-14 09:19:24,331 [main] [trace=] INFO  o.s.o.j.LocalContainerEntityManagerFactoryBean - Initialized JPA EntityManagerFactory for persistence unit 'default'
2025-06-14 09:19:25,200 [main] [trace=] DEBUG c.e.d.config.JwtAuthenticationFilter - Filter 'jwtAuthenticationFilter' configured for use
2025-06-14 09:19:25,348 [main] [trace=] INFO  o.s.s.c.a.a.c.InitializeAuthenticationProviderBeanManagerConfigurer$InitializeAuthenticationProviderManagerConfigurer - Global AuthenticationManager configured with AuthenticationProvider bean with name authenticationProvider
2025-06-14 09:19:25,349 [main] [trace=] WARN  o.s.s.c.a.a.c.InitializeUserDetailsBeanManagerConfigurer$InitializeUserDetailsManagerConfigurer - Global AuthenticationManager configured with an AuthenticationProvider bean. UserDetailsService beans will not be used by Spring Security for automatically configuring username/password login. Consider removing the AuthenticationProvider bean. Alternatively, consider using the UserDetailsService in a manually instantiated DaoAuthenticationProvider. If the current configuration is intentional, to turn off this warning, increase the logging level of 'org.springframework.security.config.annotation.authentication.configuration.InitializeUserDetailsBeanManagerConfigurer' to ERROR
2025-06-14 09:19:25,712 [main] [trace=] WARN  o.s.b.a.o.j.JpaBaseConfiguration$JpaWebConfiguration - spring.jpa.open-in-view is enabled by default. Therefore, database queries may be performed during view rendering. Explicitly configure spring.jpa.open-in-view to disable this warning
2025-06-14 09:19:26,650 [main] [trace=] INFO  o.s.v.b.OptionalValidatorFactoryBean - Failed to set up a Bean Validation provider: jakarta.validation.NoProviderFoundException: Unable to create a Configuration, because no Jakarta Bean Validation provider could be found. Add a provider like Hibernate Validator (RI) to your classpath.
2025-06-14 09:19:27,315 [main] [trace=] INFO  o.a.coyote.http11.Http11NioProtocol - Starting ProtocolHandler ["http-nio-8080"]
2025-06-14 09:19:27,371 [main] [trace=] INFO  o.s.b.w.e.tomcat.TomcatWebServer - Tomcat started on port 8080 (http) with context path '/'
2025-06-14 09:19:27,387 [main] [trace=] INFO  com.example.demo.DemoApplication - Started DemoApplication in 12.719 seconds (process running for 13.535)
2025-06-14 09:19:27,683 [main] [trace=] DEBUG org.hibernate.SQL - 
    select
        u1_0.id,
        u1_0.created_at,
        u1_0.email,
        u1_0.manager_id,
        u1_0.password,
        u1_0.is_restricted,
        u1_0.role,
        u1_0.updated_at,
        u1_0.uuid 
    from
        users u1_0 
    where
        u1_0.email=?
2025-06-14 09:19:27,815 [main] [trace=] DEBUG org.hibernate.SQL - 
    select
        u1_0.id,
        u1_0.created_at,
        u1_0.email,
        u1_0.manager_id,
        u1_0.password,
        u1_0.is_restricted,
        u1_0.role,
        u1_0.updated_at,
        u1_0.uuid 
    from
        users u1_0 
    where
        u1_0.email=?
2025-06-14 09:50:12,457 [SpringApplicationShutdownHook] [trace=] INFO  o.s.b.w.e.tomcat.GracefulShutdown - Commencing graceful shutdown. Waiting for active requests to complete
2025-06-14 09:50:12,475 [tomcat-shutdown] [trace=] INFO  o.s.b.w.e.tomcat.GracefulShutdown - Graceful shutdown complete
2025-06-14 09:50:12,484 [SpringApplicationShutdownHook] [trace=] INFO  o.s.o.j.LocalContainerEntityManagerFactoryBean - Closing JPA EntityManagerFactory for persistence unit 'default'
2025-06-14 09:50:12,489 [SpringApplicationShutdownHook] [trace=] INFO  com.zaxxer.hikari.HikariDataSource - HikariPool-1 - Shutdown initiated...
2025-06-14 09:50:12,498 [SpringApplicationShutdownHook] [trace=] INFO  com.zaxxer.hikari.HikariDataSource - HikariPool-1 - Shutdown completed.
2025-06-14 09:50:22,574 [main] [trace=] INFO  com.example.demo.DemoApplication - Starting DemoApplication using Java 23.0.1 with PID 10592 (F:\Projects\Learning Java\Project-Day_10-15\target\classes started by Mateen in F:\Projects\Learning Java\Project-Day_10-15)
2025-06-14 09:50:22,582 [main] [trace=] DEBUG com.example.demo.DemoApplication - Running with Spring Boot v3.4.5, Spring v6.2.6
2025-06-14 09:50:22,588 [main] [trace=] INFO  com.example.demo.DemoApplication - No active profile set, falling back to 1 default profile: "default"
2025-06-14 09:50:24,473 [main] [trace=] INFO  o.s.d.r.c.RepositoryConfigurationDelegate - Bootstrapping Spring Data JPA repositories in DEFAULT mode.
2025-06-14 09:50:24,586 [main] [trace=] INFO  o.s.d.r.c.RepositoryConfigurationDelegate - Finished Spring Data repository scanning in 78 ms. Found 2 JPA repository interfaces.
2025-06-14 09:50:26,250 [main] [trace=] INFO  o.s.b.w.e.tomcat.TomcatWebServer - Tomcat initialized with port 8080 (http)
2025-06-14 09:50:26,283 [main] [trace=] INFO  o.a.coyote.http11.Http11NioProtocol - Initializing ProtocolHandler ["http-nio-8080"]
2025-06-14 09:50:26,289 [main] [trace=] INFO  o.a.catalina.core.StandardService - Starting service [Tomcat]
2025-06-14 09:50:26,290 [main] [trace=] INFO  o.a.catalina.core.StandardEngine - Starting Servlet engine: [Apache Tomcat/10.1.40]
2025-06-14 09:50:26,422 [main] [trace=] INFO  o.a.c.c.C.[Tomcat].[localhost].[/] - Initializing Spring embedded WebApplicationContext
2025-06-14 09:50:26,423 [main] [trace=] INFO  o.s.b.w.s.c.ServletWebServerApplicationContext - Root WebApplicationContext: initialization completed in 3681 ms
2025-06-14 09:50:26,849 [main] [trace=] INFO  com.zaxxer.hikari.HikariDataSource - HikariPool-1 - Starting...
2025-06-14 09:50:27,215 [main] [trace=] INFO  com.zaxxer.hikari.pool.HikariPool - HikariPool-1 - Added connection org.postgresql.jdbc.PgConnection@4cae66a8
2025-06-14 09:50:27,226 [main] [trace=] INFO  com.zaxxer.hikari.HikariDataSource - HikariPool-1 - Start completed.
2025-06-14 09:50:27,748 [main] [trace=] INFO  liquibase.database - Set default schema name to public
2025-06-14 09:50:28,713 [main] [trace=] INFO  liquibase.changelog - Reading from public.databasechangelog
2025-06-14 09:50:28,866 [main] [trace=] INFO  liquibase.ui - Database is up to date, no changesets to execute
2025-06-14 09:50:28,877 [main] [trace=] INFO  liquibase.changelog - Reading from public.databasechangelog
2025-06-14 09:50:28,892 [main] [trace=] INFO  liquibase.util - UPDATE SUMMARY
2025-06-14 09:50:28,892 [main] [trace=] INFO  liquibase.util - Run:                          0
2025-06-14 09:50:28,892 [main] [trace=] INFO  liquibase.util - Previously run:               2
2025-06-14 09:50:28,893 [main] [trace=] INFO  liquibase.util - Filtered out:                 0
2025-06-14 09:50:28,893 [main] [trace=] INFO  liquibase.util - -------------------------------
2025-06-14 09:50:28,894 [main] [trace=] INFO  liquibase.util - Total change sets:            2
2025-06-14 09:50:28,896 [main] [trace=] INFO  liquibase.util - Update summary generated
2025-06-14 09:50:28,900 [main] [trace=] INFO  liquibase.command - Command execution complete
2025-06-14 09:50:29,206 [main] [trace=] INFO  o.h.jpa.internal.util.LogHelper - HHH000204: Processing PersistenceUnitInfo [name: default]
2025-06-14 09:50:29,359 [main] [trace=] INFO  org.hibernate.Version - HHH000412: Hibernate ORM core version 6.6.13.Final
2025-06-14 09:50:29,484 [main] [trace=] INFO  o.h.c.i.RegionFactoryInitiator - HHH000026: Second-level cache disabled
2025-06-14 09:50:29,983 [main] [trace=] INFO  o.s.o.j.p.SpringPersistenceUnitInfo - No LoadTimeWeaver setup: ignoring JPA class transformer
2025-06-14 09:50:30,088 [main] [trace=] INFO  o.hibernate.orm.connections.pooling - HHH10001005: Database info:
	Database JDBC URL [Connecting through datasource 'HikariDataSource (HikariPool-1)']
	Database driver: undefined/unknown
	Database version: 15.13
	Autocommit mode: undefined/unknown
	Isolation level: undefined/unknown
	Minimum pool size: undefined/unknown
	Maximum pool size: undefined/unknown
2025-06-14 09:50:31,249 [main] [trace=] INFO  o.h.e.t.j.p.i.JtaPlatformInitiator - HHH000489: No JTA platform available (set 'hibernate.transaction.jta.platform' to enable JTA platform integration)
2025-06-14 09:50:31,251 [main] [trace=] INFO  o.s.o.j.LocalContainerEntityManagerFactoryBean - Initialized JPA EntityManagerFactory for persistence unit 'default'
2025-06-14 09:50:32,151 [main] [trace=] DEBUG c.e.d.config.JwtAuthenticationFilter - Filter 'jwtAuthenticationFilter' configured for use
2025-06-14 09:50:32,389 [main] [trace=] INFO  o.s.s.c.a.a.c.InitializeAuthenticationProviderBeanManagerConfigurer$InitializeAuthenticationProviderManagerConfigurer - Global AuthenticationManager configured with AuthenticationProvider bean with name authenticationProvider
2025-06-14 09:50:32,391 [main] [trace=] WARN  o.s.s.c.a.a.c.InitializeUserDetailsBeanManagerConfigurer$InitializeUserDetailsManagerConfigurer - Global AuthenticationManager configured with an AuthenticationProvider bean. UserDetailsService beans will not be used by Spring Security for automatically configuring username/password login. Consider removing the AuthenticationProvider bean. Alternatively, consider using the UserDetailsService in a manually instantiated DaoAuthenticationProvider. If the current configuration is intentional, to turn off this warning, increase the logging level of 'org.springframework.security.config.annotation.authentication.configuration.InitializeUserDetailsBeanManagerConfigurer' to ERROR
2025-06-14 09:50:32,816 [main] [trace=] WARN  o.s.b.a.o.j.JpaBaseConfiguration$JpaWebConfiguration - spring.jpa.open-in-view is enabled by default. Therefore, database queries may be performed during view rendering. Explicitly configure spring.jpa.open-in-view to disable this warning
2025-06-14 09:50:33,063 [main] [trace=] WARN  o.s.b.w.s.c.AnnotationConfigServletWebServerApplicationContext - Exception encountered during context initialization - cancelling refresh attempt: org.springframework.beans.factory.BeanCreationException: Error creating bean with name 'org.springframework.security.config.annotation.web.configuration.WebSecurityConfiguration': Injection of autowired dependencies failed
2025-06-14 09:50:33,064 [main] [trace=] INFO  o.s.o.j.LocalContainerEntityManagerFactoryBean - Closing JPA EntityManagerFactory for persistence unit 'default'
2025-06-14 09:50:33,071 [main] [trace=] INFO  com.zaxxer.hikari.HikariDataSource - HikariPool-1 - Shutdown initiated...
2025-06-14 09:50:33,081 [main] [trace=] INFO  com.zaxxer.hikari.HikariDataSource - HikariPool-1 - Shutdown completed.
2025-06-14 09:50:33,084 [main] [trace=] INFO  o.a.catalina.core.StandardService - Stopping service [Tomcat]
2025-06-14 09:50:33,098 [main] [trace=] INFO  o.s.b.a.l.ConditionEvaluationReportLogger - 

Error starting ApplicationContext. To display the condition evaluation report re-run your application with 'debug' enabled.
2025-06-14 09:50:33,117 [main] [trace=] ERROR o.s.boot.SpringApplication - Application run failed
org.springframework.beans.factory.BeanCreationException: Error creating bean with name 'org.springframework.security.config.annotation.web.configuration.WebSecurityConfiguration': Injection of autowired dependencies failed
	at org.springframework.beans.factory.annotation.AutowiredAnnotationBeanPostProcessor.postProcessProperties(AutowiredAnnotationBeanPostProcessor.java:515)
	at org.springframework.beans.factory.support.AbstractAutowireCapableBeanFactory.populateBean(AbstractAutowireCapableBeanFactory.java:1451)
	at org.springframework.beans.factory.support.AbstractAutowireCapableBeanFactory.doCreateBean(AbstractAutowireCapableBeanFactory.java:606)
	at org.springframework.beans.factory.support.AbstractAutowireCapableBeanFactory.createBean(AbstractAutowireCapableBeanFactory.java:529)
	at org.springframework.beans.factory.support.AbstractBeanFactory.lambda$doGetBean$0(AbstractBeanFactory.java:339)
	at org.springframework.beans.factory.support.DefaultSingletonBeanRegistry.getSingleton(DefaultSingletonBeanRegistry.java:371)
	at org.springframework.beans.factory.support.AbstractBeanFactory.doGetBean(AbstractBeanFactory.java:337)
	at org.springframework.beans.factory.support.AbstractBeanFactory.getBean(AbstractBeanFactory.java:202)
	at org.springframework.beans.factory.support.DefaultListableBeanFactory.instantiateSingleton(DefaultListableBeanFactory.java:1221)
	at org.springframework.beans.factory.support.DefaultListableBeanFactory.preInstantiateSingleton(DefaultListableBeanFactory.java:1187)
	at org.springframework.beans.factory.support.DefaultListableBeanFactory.preInstantiateSingletons(DefaultListableBeanFactory.java:1122)
	at org.springframework.context.support.AbstractApplicationContext.finishBeanFactoryInitialization(AbstractApplicationContext.java:987)
	at org.springframework.context.support.AbstractApplicationContext.refresh(AbstractApplicationContext.java:627)
	at org.springframework.boot.web.servlet.context.ServletWebServerApplicationContext.refresh(ServletWebServerApplicationContext.java:146)
	at org.springframework.boot.SpringApplication.refresh(SpringApplication.java:753)
	at org.springframework.boot.SpringApplication.refreshContext(SpringApplication.java:439)
	at org.springframework.boot.SpringApplication.run(SpringApplication.java:318)
	at org.springframework.boot.SpringApplication.run(SpringApplication.java:1362)
	at org.springframework.boot.SpringApplication.run(SpringApplication.java:1351)
	at com.example.demo.DemoApplication.main(DemoApplication.java:10)
Caused by: java.lang.RuntimeException: Could not postProcess org.springframework.security.config.annotation.web.builders.WebSecurity@17524c36 of type class org.springframework.security.config.annotation.web.builders.WebSecurity
	at org.springframework.security.config.annotation.configuration.AutowireBeanFactoryObjectPostProcessor.postProcess(AutowireBeanFactoryObjectPostProcessor.java:71)
	at org.springframework.security.config.annotation.web.configuration.WebSecurityConfiguration.setFilterChainProxySecurityConfigurer(WebSecurityConfiguration.java:145)
	at java.base/jdk.internal.reflect.DirectMethodHandleAccessor.invoke(DirectMethodHandleAccessor.java:103)
	at java.base/java.lang.reflect.Method.invoke(Method.java:580)
	at org.springframework.beans.factory.annotation.AutowiredAnnotationBeanPostProcessor$AutowiredMethodElement.inject(AutowiredAnnotationBeanPostProcessor.java:854)
	at org.springframework.beans.factory.annotation.InjectionMetadata.inject(InjectionMetadata.java:146)
	at org.springframework.beans.factory.annotation.AutowiredAnnotationBeanPostProcessor.postProcessProperties(AutowiredAnnotationBeanPostProcessor.java:509)
	... 19 common frames omitted
Caused by: org.springframework.beans.factory.BeanCreationException: Error creating bean with name 'mvcHandlerMappingIntrospectorRequestTransformer': Cannot resolve reference to bean 'mvcHandlerMappingIntrospector' while setting constructor argument
	at org.springframework.beans.factory.support.BeanDefinitionValueResolver.resolveReference(BeanDefinitionValueResolver.java:377)
	at org.springframework.beans.factory.support.BeanDefinitionValueResolver.resolveValueIfNecessary(BeanDefinitionValueResolver.java:135)
	at org.springframework.beans.factory.support.ConstructorResolver.resolveConstructorArguments(ConstructorResolver.java:691)
	at org.springframework.beans.factory.support.ConstructorResolver.autowireConstructor(ConstructorResolver.java:206)
	at org.springframework.beans.factory.support.AbstractAutowireCapableBeanFactory.autowireConstructor(AbstractAutowireCapableBeanFactory.java:1387)
	at org.springframework.beans.factory.support.AbstractAutowireCapableBeanFactory.createBeanInstance(AbstractAutowireCapableBeanFactory.java:1224)
	at org.springframework.beans.factory.support.AbstractAutowireCapableBeanFactory.doCreateBean(AbstractAutowireCapableBeanFactory.java:569)
	at org.springframework.beans.factory.support.AbstractAutowireCapableBeanFactory.createBean(AbstractAutowireCapableBeanFactory.java:529)
	at org.springframework.beans.factory.support.AbstractBeanFactory.lambda$doGetBean$0(AbstractBeanFactory.java:339)
	at org.springframework.beans.factory.support.DefaultSingletonBeanRegistry.getSingleton(DefaultSingletonBeanRegistry.java:371)
	at org.springframework.beans.factory.support.AbstractBeanFactory.doGetBean(AbstractBeanFactory.java:337)
	at org.springframework.beans.factory.support.AbstractBeanFactory.getBean(AbstractBeanFactory.java:227)
	at org.springframework.beans.factory.support.DefaultListableBeanFactory.resolveNamedBean(DefaultListableBeanFactory.java:1597)
	at org.springframework.beans.factory.support.DefaultListableBeanFactory.resolveNamedBean(DefaultListableBeanFactory.java:1555)
	at org.springframework.beans.factory.support.DefaultListableBeanFactory.resolveBean(DefaultListableBeanFactory.java:563)
	at org.springframework.beans.factory.support.DefaultListableBeanFactory$1.getIfUnique(DefaultListableBeanFactory.java:489)
	at org.springframework.security.config.annotation.web.builders.WebSecurity.setApplicationContext(WebSecurity.java:428)
	at org.springframework.context.support.ApplicationContextAwareProcessor.invokeAwareInterfaces(ApplicationContextAwareProcessor.java:110)
	at org.springframework.context.support.ApplicationContextAwareProcessor.postProcessBeforeInitialization(ApplicationContextAwareProcessor.java:85)
	at org.springframework.beans.factory.support.AbstractAutowireCapableBeanFactory.applyBeanPostProcessorsBeforeInitialization(AbstractAutowireCapableBeanFactory.java:429)
	at org.springframework.beans.factory.support.AbstractAutowireCapableBeanFactory.initializeBean(AbstractAutowireCapableBeanFactory.java:1810)
	at org.springframework.beans.factory.support.AbstractAutowireCapableBeanFactory.initializeBean(AbstractAutowireCapableBeanFactory.java:419)
	at org.springframework.security.config.annotation.configuration.AutowireBeanFactoryObjectPostProcessor.initializeBeanIfNeeded(AutowireBeanFactoryObjectPostProcessor.java:98)
	at org.springframework.security.config.annotation.configuration.AutowireBeanFactoryObjectPostProcessor.postProcess(AutowireBeanFactoryObjectPostProcessor.java:67)
	... 25 common frames omitted
Caused by: org.springframework.beans.factory.BeanCreationException: Error creating bean with name 'mvcHandlerMappingIntrospector' defined in class path resource [org/springframework/boot/autoconfigure/web/servlet/WebMvcAutoConfiguration$EnableWebMvcConfiguration.class]: Error creating bean with name 'requestMappingHandlerMapping' defined in class path resource [org/springframework/boot/autoconfigure/web/servlet/WebMvcAutoConfiguration$EnableWebMvcConfiguration.class]: Ambiguous mapping. Cannot map 'taskController' method 
com.example.demo.controller.TaskController#updateTask(TaskDTO, UUID)
to {PUT [/api/tasks/{taskUuid}]}: There is already 'taskController' bean method
com.example.demo.controller.TaskController#updateUserTask(TaskStatus, UUID) mapped.
	at org.springframework.beans.factory.support.AbstractAutowireCapableBeanFactory.initializeBean(AbstractAutowireCapableBeanFactory.java:1818)
	at org.springframework.beans.factory.support.AbstractAutowireCapableBeanFactory.doCreateBean(AbstractAutowireCapableBeanFactory.java:607)
	at org.springframework.beans.factory.support.AbstractAutowireCapableBeanFactory.createBean(AbstractAutowireCapableBeanFactory.java:529)
	at org.springframework.beans.factory.support.AbstractBeanFactory.lambda$doGetBean$0(AbstractBeanFactory.java:339)
	at org.springframework.beans.factory.support.DefaultSingletonBeanRegistry.getSingleton(DefaultSingletonBeanRegistry.java:371)
	at org.springframework.beans.factory.support.AbstractBeanFactory.doGetBean(AbstractBeanFactory.java:337)
	at org.springframework.beans.factory.support.AbstractBeanFactory.getBean(AbstractBeanFactory.java:202)
	at org.springframework.beans.factory.support.BeanDefinitionValueResolver.resolveReference(BeanDefinitionValueResolver.java:365)
	... 48 common frames omitted
Caused by: org.springframework.beans.factory.BeanCreationException: Error creating bean with name 'requestMappingHandlerMapping' defined in class path resource [org/springframework/boot/autoconfigure/web/servlet/WebMvcAutoConfiguration$EnableWebMvcConfiguration.class]: Ambiguous mapping. Cannot map 'taskController' method 
com.example.demo.controller.TaskController#updateTask(TaskDTO, UUID)
to {PUT [/api/tasks/{taskUuid}]}: There is already 'taskController' bean method
com.example.demo.controller.TaskController#updateUserTask(TaskStatus, UUID) mapped.
	at org.springframework.beans.factory.support.AbstractAutowireCapableBeanFactory.initializeBean(AbstractAutowireCapableBeanFactory.java:1818)
	at org.springframework.beans.factory.support.AbstractAutowireCapableBeanFactory.doCreateBean(AbstractAutowireCapableBeanFactory.java:607)
	at org.springframework.beans.factory.support.AbstractAutowireCapableBeanFactory.createBean(AbstractAutowireCapableBeanFactory.java:529)
	at org.springframework.beans.factory.support.AbstractBeanFactory.lambda$doGetBean$0(AbstractBeanFactory.java:339)
	at org.springframework.beans.factory.support.DefaultSingletonBeanRegistry.getSingleton(DefaultSingletonBeanRegistry.java:371)
	at org.springframework.beans.factory.support.AbstractBeanFactory.doGetBean(AbstractBeanFactory.java:337)
	at org.springframework.beans.factory.support.AbstractBeanFactory.getBean(AbstractBeanFactory.java:202)
	at org.springframework.beans.factory.support.DefaultListableBeanFactory.getBeansOfType(DefaultListableBeanFactory.java:747)
	at org.springframework.context.support.AbstractApplicationContext.getBeansOfType(AbstractApplicationContext.java:1426)
	at org.springframework.beans.factory.BeanFactoryUtils.beansOfTypeIncludingAncestors(BeanFactoryUtils.java:372)
	at org.springframework.web.servlet.handler.HandlerMappingIntrospector.initHandlerMappings(HandlerMappingIntrospector.java:135)
	at org.springframework.web.servlet.handler.HandlerMappingIntrospector.afterPropertiesSet(HandlerMappingIntrospector.java:123)
	at org.springframework.beans.factory.support.AbstractAutowireCapableBeanFactory.invokeInitMethods(AbstractAutowireCapableBeanFactory.java:1865)
	at org.springframework.beans.factory.support.AbstractAutowireCapableBeanFactory.initializeBean(AbstractAutowireCapableBeanFactory.java:1814)
	... 55 common frames omitted
Caused by: java.lang.IllegalStateException: Ambiguous mapping. Cannot map 'taskController' method 
com.example.demo.controller.TaskController#updateTask(TaskDTO, UUID)
to {PUT [/api/tasks/{taskUuid}]}: There is already 'taskController' bean method
com.example.demo.controller.TaskController#updateUserTask(TaskStatus, UUID) mapped.
	at org.springframework.web.servlet.handler.AbstractHandlerMethodMapping$MappingRegistry.validateMethodMapping(AbstractHandlerMethodMapping.java:676)
	at org.springframework.web.servlet.handler.AbstractHandlerMethodMapping$MappingRegistry.register(AbstractHandlerMethodMapping.java:637)
	at org.springframework.web.servlet.handler.AbstractHandlerMethodMapping.registerHandlerMethod(AbstractHandlerMethodMapping.java:331)
	at org.springframework.web.servlet.mvc.method.annotation.RequestMappingHandlerMapping.registerHandlerMethod(RequestMappingHandlerMapping.java:507)
	at org.springframework.web.servlet.mvc.method.annotation.RequestMappingHandlerMapping.registerHandlerMethod(RequestMappingHandlerMapping.java:84)
	at org.springframework.web.servlet.handler.AbstractHandlerMethodMapping.lambda$detectHandlerMethods$2(AbstractHandlerMethodMapping.java:298)
	at java.base/java.util.LinkedHashMap.forEach(LinkedHashMap.java:987)
	at org.springframework.web.servlet.handler.AbstractHandlerMethodMapping.detectHandlerMethods(AbstractHandlerMethodMapping.java:296)
	at org.springframework.web.servlet.handler.AbstractHandlerMethodMapping.processCandidateBean(AbstractHandlerMethodMapping.java:265)
	at org.springframework.web.servlet.handler.AbstractHandlerMethodMapping.initHandlerMethods(AbstractHandlerMethodMapping.java:224)
	at org.springframework.web.servlet.handler.AbstractHandlerMethodMapping.afterPropertiesSet(AbstractHandlerMethodMapping.java:212)
	at org.springframework.web.servlet.mvc.method.annotation.RequestMappingHandlerMapping.afterPropertiesSet(RequestMappingHandlerMapping.java:237)
	at org.springframework.beans.factory.support.AbstractAutowireCapableBeanFactory.invokeInitMethods(AbstractAutowireCapableBeanFactory.java:1865)
	at org.springframework.beans.factory.support.AbstractAutowireCapableBeanFactory.initializeBean(AbstractAutowireCapableBeanFactory.java:1814)
	... 68 common frames omitted
2025-06-14 09:51:02,116 [main] [trace=] INFO  com.example.demo.DemoApplication - Starting DemoApplication using Java 23.0.1 with PID 20616 (F:\Projects\Learning Java\Project-Day_10-15\target\classes started by Mateen in F:\Projects\Learning Java\Project-Day_10-15)
2025-06-14 09:51:02,122 [main] [trace=] DEBUG com.example.demo.DemoApplication - Running with Spring Boot v3.4.5, Spring v6.2.6
2025-06-14 09:51:02,127 [main] [trace=] INFO  com.example.demo.DemoApplication - No active profile set, falling back to 1 default profile: "default"
2025-06-14 09:51:04,201 [main] [trace=] INFO  o.s.d.r.c.RepositoryConfigurationDelegate - Bootstrapping Spring Data JPA repositories in DEFAULT mode.
2025-06-14 09:51:04,313 [main] [trace=] INFO  o.s.d.r.c.RepositoryConfigurationDelegate - Finished Spring Data repository scanning in 90 ms. Found 2 JPA repository interfaces.
2025-06-14 09:51:06,256 [main] [trace=] INFO  o.s.b.w.e.tomcat.TomcatWebServer - Tomcat initialized with port 8080 (http)
2025-06-14 09:51:06,303 [main] [trace=] INFO  o.a.coyote.http11.Http11NioProtocol - Initializing ProtocolHandler ["http-nio-8080"]
2025-06-14 09:51:06,311 [main] [trace=] INFO  o.a.catalina.core.StandardService - Starting service [Tomcat]
2025-06-14 09:51:06,312 [main] [trace=] INFO  o.a.catalina.core.StandardEngine - Starting Servlet engine: [Apache Tomcat/10.1.40]
2025-06-14 09:51:06,630 [main] [trace=] INFO  o.a.c.c.C.[Tomcat].[localhost].[/] - Initializing Spring embedded WebApplicationContext
2025-06-14 09:51:06,632 [main] [trace=] INFO  o.s.b.w.s.c.ServletWebServerApplicationContext - Root WebApplicationContext: initialization completed in 4353 ms
2025-06-14 09:51:07,235 [main] [trace=] INFO  com.zaxxer.hikari.HikariDataSource - HikariPool-1 - Starting...
2025-06-14 09:51:07,651 [main] [trace=] INFO  com.zaxxer.hikari.pool.HikariPool - HikariPool-1 - Added connection org.postgresql.jdbc.PgConnection@639c7f9c
2025-06-14 09:51:07,655 [main] [trace=] INFO  com.zaxxer.hikari.HikariDataSource - HikariPool-1 - Start completed.
2025-06-14 09:51:08,071 [main] [trace=] INFO  liquibase.database - Set default schema name to public
2025-06-14 09:51:09,145 [main] [trace=] INFO  liquibase.changelog - Reading from public.databasechangelog
2025-06-14 09:51:09,301 [main] [trace=] INFO  liquibase.ui - Database is up to date, no changesets to execute
2025-06-14 09:51:09,310 [main] [trace=] INFO  liquibase.changelog - Reading from public.databasechangelog
2025-06-14 09:51:09,339 [main] [trace=] INFO  liquibase.util - UPDATE SUMMARY
2025-06-14 09:51:09,341 [main] [trace=] INFO  liquibase.util - Run:                          0
2025-06-14 09:51:09,343 [main] [trace=] INFO  liquibase.util - Previously run:               2
2025-06-14 09:51:09,344 [main] [trace=] INFO  liquibase.util - Filtered out:                 0
2025-06-14 09:51:09,345 [main] [trace=] INFO  liquibase.util - -------------------------------
2025-06-14 09:51:09,347 [main] [trace=] INFO  liquibase.util - Total change sets:            2
2025-06-14 09:51:09,350 [main] [trace=] INFO  liquibase.util - Update summary generated
2025-06-14 09:51:09,354 [main] [trace=] INFO  liquibase.command - Command execution complete
2025-06-14 09:51:09,693 [main] [trace=] INFO  o.h.jpa.internal.util.LogHelper - HHH000204: Processing PersistenceUnitInfo [name: default]
2025-06-14 09:51:09,887 [main] [trace=] INFO  org.hibernate.Version - HHH000412: Hibernate ORM core version 6.6.13.Final
2025-06-14 09:51:09,999 [main] [trace=] INFO  o.h.c.i.RegionFactoryInitiator - HHH000026: Second-level cache disabled
2025-06-14 09:51:10,513 [main] [trace=] INFO  o.s.o.j.p.SpringPersistenceUnitInfo - No LoadTimeWeaver setup: ignoring JPA class transformer
2025-06-14 09:51:10,632 [main] [trace=] INFO  o.hibernate.orm.connections.pooling - HHH10001005: Database info:
	Database JDBC URL [Connecting through datasource 'HikariDataSource (HikariPool-1)']
	Database driver: undefined/unknown
	Database version: 15.13
	Autocommit mode: undefined/unknown
	Isolation level: undefined/unknown
	Minimum pool size: undefined/unknown
	Maximum pool size: undefined/unknown
2025-06-14 09:51:11,933 [main] [trace=] INFO  o.h.e.t.j.p.i.JtaPlatformInitiator - HHH000489: No JTA platform available (set 'hibernate.transaction.jta.platform' to enable JTA platform integration)
2025-06-14 09:51:11,936 [main] [trace=] INFO  o.s.o.j.LocalContainerEntityManagerFactoryBean - Initialized JPA EntityManagerFactory for persistence unit 'default'
2025-06-14 09:51:12,590 [main] [trace=] DEBUG c.e.d.config.JwtAuthenticationFilter - Filter 'jwtAuthenticationFilter' configured for use
2025-06-14 09:51:12,702 [main] [trace=] INFO  o.s.s.c.a.a.c.InitializeAuthenticationProviderBeanManagerConfigurer$InitializeAuthenticationProviderManagerConfigurer - Global AuthenticationManager configured with AuthenticationProvider bean with name authenticationProvider
2025-06-14 09:51:12,703 [main] [trace=] WARN  o.s.s.c.a.a.c.InitializeUserDetailsBeanManagerConfigurer$InitializeUserDetailsManagerConfigurer - Global AuthenticationManager configured with an AuthenticationProvider bean. UserDetailsService beans will not be used by Spring Security for automatically configuring username/password login. Consider removing the AuthenticationProvider bean. Alternatively, consider using the UserDetailsService in a manually instantiated DaoAuthenticationProvider. If the current configuration is intentional, to turn off this warning, increase the logging level of 'org.springframework.security.config.annotation.authentication.configuration.InitializeUserDetailsBeanManagerConfigurer' to ERROR
2025-06-14 09:51:13,038 [main] [trace=] WARN  o.s.b.a.o.j.JpaBaseConfiguration$JpaWebConfiguration - spring.jpa.open-in-view is enabled by default. Therefore, database queries may be performed during view rendering. Explicitly configure spring.jpa.open-in-view to disable this warning
2025-06-14 09:51:13,675 [main] [trace=] INFO  o.s.v.b.OptionalValidatorFactoryBean - Failed to set up a Bean Validation provider: jakarta.validation.NoProviderFoundException: Unable to create a Configuration, because no Jakarta Bean Validation provider could be found. Add a provider like Hibernate Validator (RI) to your classpath.
2025-06-14 09:51:14,132 [main] [trace=] INFO  o.a.coyote.http11.Http11NioProtocol - Starting ProtocolHandler ["http-nio-8080"]
2025-06-14 09:51:14,161 [main] [trace=] INFO  o.s.b.w.e.tomcat.TomcatWebServer - Tomcat started on port 8080 (http) with context path '/'
2025-06-14 09:51:14,174 [main] [trace=] INFO  com.example.demo.DemoApplication - Started DemoApplication in 13.457 seconds (process running for 14.247)
2025-06-14 09:51:14,590 [main] [trace=] DEBUG org.hibernate.SQL - 
    select
        u1_0.id,
        u1_0.created_at,
        u1_0.email,
        u1_0.manager_id,
        u1_0.password,
        u1_0.is_restricted,
        u1_0.role,
        u1_0.updated_at,
        u1_0.uuid 
    from
        users u1_0 
    where
        u1_0.email=?
2025-06-14 09:51:14,702 [main] [trace=] DEBUG org.hibernate.SQL - 
    select
        u1_0.id,
        u1_0.created_at,
        u1_0.email,
        u1_0.manager_id,
        u1_0.password,
        u1_0.is_restricted,
        u1_0.role,
        u1_0.updated_at,
        u1_0.uuid 
    from
        users u1_0 
    where
        u1_0.email=?
2025-06-14 09:52:18,298 [http-nio-8080-exec-1] [trace=] INFO  o.a.c.c.C.[Tomcat].[localhost].[/] - Initializing Spring DispatcherServlet 'dispatcherServlet'
2025-06-14 09:52:18,298 [http-nio-8080-exec-1] [trace=] INFO  o.s.web.servlet.DispatcherServlet - Initializing Servlet 'dispatcherServlet'
2025-06-14 09:52:18,298 [http-nio-8080-exec-1] [trace=] INFO  o.s.web.servlet.DispatcherServlet - Completed initialization in 0 ms
2025-06-14 09:52:18,343 [http-nio-8080-exec-1] [trace=] INFO  c.e.demo.aspect.ServiceLoggingAspect - Entering service method: JwtService.extractUsername [correlationId: null]
2025-06-14 09:52:18,443 [http-nio-8080-exec-1] [trace=] INFO  c.e.demo.aspect.ServiceLoggingAspect - Completed service method: JwtService.extractUsername [duration: 92ms, correlationId: null]
2025-06-14 09:52:18,447 [http-nio-8080-exec-1] [trace=] DEBUG org.hibernate.SQL - 
    select
        u1_0.id,
        u1_0.created_at,
        u1_0.email,
        u1_0.manager_id,
        u1_0.password,
        u1_0.is_restricted,
        u1_0.role,
        u1_0.updated_at,
        u1_0.uuid 
    from
        users u1_0 
    where
        u1_0.email=?
2025-06-14 09:52:18,454 [http-nio-8080-exec-1] [trace=] INFO  c.e.demo.aspect.ServiceLoggingAspect - Entering service method: JwtService.isTokenValid [correlationId: null]
2025-06-14 09:52:18,459 [http-nio-8080-exec-1] [trace=] INFO  c.e.demo.aspect.ServiceLoggingAspect - Completed service method: JwtService.isTokenValid [duration: 4ms, correlationId: null]
2025-06-14 09:52:18,469 [http-nio-8080-exec-1] [trace=220dda64-0a89-49c0-806c-d81754385793] INFO  c.e.d.i.RequestLoggingInterceptor - Request started: GET /api/users [correlationId: 220dda64-0a89-49c0-806c-d81754385793]
2025-06-14 09:52:18,540 [http-nio-8080-exec-1] [trace=220dda64-0a89-49c0-806c-d81754385793] INFO  c.e.demo.aspect.ServiceLoggingAspect - Entering service method: UserService.getAllUsers [correlationId: 220dda64-0a89-49c0-806c-d81754385793]
2025-06-14 09:52:18,557 [http-nio-8080-exec-1] [trace=220dda64-0a89-49c0-806c-d81754385793] DEBUG org.hibernate.SQL - 
    select
        u1_0.id,
        u1_0.created_at,
        u1_0.email,
        u1_0.manager_id,
        u1_0.password,
        u1_0.is_restricted,
        u1_0.role,
        u1_0.updated_at,
        u1_0.uuid 
    from
        users u1_0 
    where
        u1_0.role in (?, ?) 
    order by
        u1_0.created_at 
    fetch
        first ? rows only
2025-06-14 09:52:18,594 [http-nio-8080-exec-1] [trace=220dda64-0a89-49c0-806c-d81754385793] DEBUG org.hibernate.SQL - 
    select
        count(u1_0.id) 
    from
        users u1_0 
    where
        u1_0.role in (?, ?)
2025-06-14 09:52:18,600 [http-nio-8080-exec-1] [trace=220dda64-0a89-49c0-806c-d81754385793] INFO  c.e.demo.aspect.ServiceLoggingAspect - Completed service method: UserService.getAllUsers [duration: 60ms, correlationId: 220dda64-0a89-49c0-806c-d81754385793]
2025-06-14 09:52:18,670 [http-nio-8080-exec-1] [trace=220dda64-0a89-49c0-806c-d81754385793] WARN  o.s.d.w.c.SpringDataJacksonConfiguration$PageModule$WarningLoggingModifier - Serializing PageImpl instances as-is is not supported, meaning that there is no guarantee about the stability of the resulting JSON structure!
	For a stable JSON structure, please use Spring Data's PagedModel (globally via @EnableSpringDataWebSupport(pageSerializationMode = VIA_DTO))
	or Spring HATEOAS and Spring Data's PagedResourcesAssembler as documented in https://docs.spring.io/spring-data/commons/reference/repositories/core-extensions.html#core.web.pageables.

2025-06-14 09:52:18,686 [http-nio-8080-exec-1] [trace=220dda64-0a89-49c0-806c-d81754385793] INFO  c.e.d.i.RequestLoggingInterceptor - Request processed: GET /api/users [status: 200, duration: 217ms]
2025-06-14 09:52:25,143 [http-nio-8080-exec-3] [trace=] INFO  c.e.demo.aspect.ServiceLoggingAspect - Entering service method: JwtService.extractUsername [correlationId: null]
2025-06-14 09:52:25,143 [http-nio-8080-exec-3] [trace=] INFO  c.e.demo.aspect.ServiceLoggingAspect - Completed service method: JwtService.extractUsername [duration: 0ms, correlationId: null]
2025-06-14 09:52:25,149 [http-nio-8080-exec-3] [trace=] DEBUG org.hibernate.SQL - 
    select
        u1_0.id,
        u1_0.created_at,
        u1_0.email,
        u1_0.manager_id,
        u1_0.password,
        u1_0.is_restricted,
        u1_0.role,
        u1_0.updated_at,
        u1_0.uuid 
    from
        users u1_0 
    where
        u1_0.email=?
2025-06-14 09:52:25,164 [http-nio-8080-exec-3] [trace=] DEBUG org.hibernate.SQL - 
    select
        u1_0.id,
        u1_0.created_at,
        u1_0.email,
        m1_0.id,
        m1_0.created_at,
        m1_0.email,
        m1_0.manager_id,
        m1_0.password,
        m1_0.is_restricted,
        m1_0.role,
        m1_0.updated_at,
        m1_0.uuid,
        u1_0.password,
        u1_0.is_restricted,
        u1_0.role,
        u1_0.updated_at,
        u1_0.uuid 
    from
        users u1_0 
    left join
        users m1_0 
            on m1_0.id=u1_0.manager_id 
    where
        u1_0.id=?
2025-06-14 09:52:25,187 [http-nio-8080-exec-3] [trace=] INFO  c.e.demo.aspect.ServiceLoggingAspect - Entering service method: JwtService.isTokenValid [correlationId: null]
2025-06-14 09:52:25,193 [http-nio-8080-exec-3] [trace=] INFO  c.e.demo.aspect.ServiceLoggingAspect - Completed service method: JwtService.isTokenValid [duration: 5ms, correlationId: null]
2025-06-14 09:52:25,194 [http-nio-8080-exec-3] [trace=8e327f2e-4995-4610-a364-19a2dec43e4e] INFO  c.e.d.i.RequestLoggingInterceptor - Request started: GET /api/tasks [correlationId: 8e327f2e-4995-4610-a364-19a2dec43e4e]
2025-06-14 09:52:25,201 [http-nio-8080-exec-3] [trace=8e327f2e-4995-4610-a364-19a2dec43e4e] INFO  c.e.demo.aspect.ServiceLoggingAspect - Entering service method: TaskService.getAllTasks [correlationId: 8e327f2e-4995-4610-a364-19a2dec43e4e]
2025-06-14 09:52:25,208 [http-nio-8080-exec-3] [trace=8e327f2e-4995-4610-a364-19a2dec43e4e] DEBUG org.hibernate.SQL - 
    select
        t1_0.id,
        t1_0.assigned_to_id,
        t1_0.created_at,
        t1_0.created_by_id,
        t1_0.description,
        t1_0.status,
        t1_0.title,
        t1_0.updated_at,
        t1_0.uuid 
    from
        tasks t1_0 
    left join
        users at1_0 
            on at1_0.id=t1_0.assigned_to_id 
    where
        at1_0.uuid=? 
    order by
        t1_0.created_at 
    fetch
        first ? rows only
2025-06-14 09:52:25,220 [http-nio-8080-exec-3] [trace=8e327f2e-4995-4610-a364-19a2dec43e4e] DEBUG org.hibernate.SQL - 
    select
        u1_0.id,
        u1_0.created_at,
        u1_0.email,
        m1_0.id,
        m1_0.created_at,
        m1_0.email,
        m1_0.manager_id,
        m1_0.password,
        m1_0.is_restricted,
        m1_0.role,
        m1_0.updated_at,
        m1_0.uuid,
        u1_0.password,
        u1_0.is_restricted,
        u1_0.role,
        u1_0.updated_at,
        u1_0.uuid 
    from
        users u1_0 
    left join
        users m1_0 
            on m1_0.id=u1_0.manager_id 
    where
        u1_0.id=?
2025-06-14 09:52:25,229 [http-nio-8080-exec-3] [trace=8e327f2e-4995-4610-a364-19a2dec43e4e] INFO  c.e.demo.aspect.ServiceLoggingAspect - Completed service method: TaskService.getAllTasks [duration: 28ms, correlationId: 8e327f2e-4995-4610-a364-19a2dec43e4e]
2025-06-14 09:52:25,240 [http-nio-8080-exec-3] [trace=8e327f2e-4995-4610-a364-19a2dec43e4e] INFO  c.e.d.i.RequestLoggingInterceptor - Request processed: GET /api/tasks [status: 200, duration: 46ms]
2025-06-14 09:53:21,063 [http-nio-8080-exec-4] [trace=] INFO  c.e.demo.aspect.ServiceLoggingAspect - Entering service method: JwtService.extractUsername [correlationId: null]
2025-06-14 09:53:21,063 [http-nio-8080-exec-4] [trace=] INFO  c.e.demo.aspect.ServiceLoggingAspect - Completed service method: JwtService.extractUsername [duration: 0ms, correlationId: null]
2025-06-14 09:53:21,071 [http-nio-8080-exec-4] [trace=] DEBUG org.hibernate.SQL - 
    select
        u1_0.id,
        u1_0.created_at,
        u1_0.email,
        u1_0.manager_id,
        u1_0.password,
        u1_0.is_restricted,
        u1_0.role,
        u1_0.updated_at,
        u1_0.uuid 
    from
        users u1_0 
    where
        u1_0.email=?
2025-06-14 09:53:21,076 [http-nio-8080-exec-4] [trace=] INFO  c.e.demo.aspect.ServiceLoggingAspect - Entering service method: JwtService.isTokenValid [correlationId: null]
2025-06-14 09:53:21,079 [http-nio-8080-exec-4] [trace=] INFO  c.e.demo.aspect.ServiceLoggingAspect - Completed service method: JwtService.isTokenValid [duration: 3ms, correlationId: null]
2025-06-14 09:53:21,082 [http-nio-8080-exec-4] [trace=b25620ab-1891-494a-b36f-c43ba7f58135] INFO  c.e.d.i.RequestLoggingInterceptor - Request started: GET /api/task/admin/all [correlationId: b25620ab-1891-494a-b36f-c43ba7f58135]
2025-06-14 09:53:29,692 [http-nio-8080-exec-5] [trace=] INFO  c.e.demo.aspect.ServiceLoggingAspect - Entering service method: JwtService.extractUsername [correlationId: null]
2025-06-14 09:53:29,699 [http-nio-8080-exec-5] [trace=] INFO  c.e.demo.aspect.ServiceLoggingAspect - Completed service method: JwtService.extractUsername [duration: 7ms, correlationId: null]
2025-06-14 09:53:29,702 [http-nio-8080-exec-5] [trace=] DEBUG org.hibernate.SQL - 
    select
        u1_0.id,
        u1_0.created_at,
        u1_0.email,
        u1_0.manager_id,
        u1_0.password,
        u1_0.is_restricted,
        u1_0.role,
        u1_0.updated_at,
        u1_0.uuid 
    from
        users u1_0 
    where
        u1_0.email=?
2025-06-14 09:53:29,707 [http-nio-8080-exec-5] [trace=] INFO  c.e.demo.aspect.ServiceLoggingAspect - Entering service method: JwtService.isTokenValid [correlationId: null]
2025-06-14 09:53:29,710 [http-nio-8080-exec-5] [trace=] INFO  c.e.demo.aspect.ServiceLoggingAspect - Completed service method: JwtService.isTokenValid [duration: 3ms, correlationId: null]
2025-06-14 09:53:29,711 [http-nio-8080-exec-5] [trace=535a514a-a766-4f2d-8486-64c8f9929645] INFO  c.e.d.i.RequestLoggingInterceptor - Request started: GET /api/tasks [correlationId: 535a514a-a766-4f2d-8486-64c8f9929645]
2025-06-14 09:53:29,713 [http-nio-8080-exec-5] [trace=535a514a-a766-4f2d-8486-64c8f9929645] INFO  c.e.demo.aspect.ServiceLoggingAspect - Entering service method: TaskService.getAllTasks [correlationId: 535a514a-a766-4f2d-8486-64c8f9929645]
2025-06-14 09:53:29,713 [http-nio-8080-exec-5] [trace=535a514a-a766-4f2d-8486-64c8f9929645] INFO  c.e.demo.aspect.ServiceLoggingAspect - Completed service method: TaskService.getAllTasks [duration: 0ms, correlationId: 535a514a-a766-4f2d-8486-64c8f9929645]
2025-06-14 09:53:29,717 [http-nio-8080-exec-5] [trace=535a514a-a766-4f2d-8486-64c8f9929645] INFO  c.e.d.i.RequestLoggingInterceptor - Request processed: GET /api/tasks [status: 200, duration: 6ms]
2025-06-14 09:53:56,335 [http-nio-8080-exec-6] [trace=] INFO  c.e.demo.aspect.ServiceLoggingAspect - Entering service method: JwtService.extractUsername [correlationId: null]
2025-06-14 09:53:56,338 [http-nio-8080-exec-6] [trace=] INFO  c.e.demo.aspect.ServiceLoggingAspect - Completed service method: JwtService.extractUsername [duration: 1ms, correlationId: null]
2025-06-14 09:53:56,340 [http-nio-8080-exec-6] [trace=] DEBUG org.hibernate.SQL - 
    select
        u1_0.id,
        u1_0.created_at,
        u1_0.email,
        u1_0.manager_id,
        u1_0.password,
        u1_0.is_restricted,
        u1_0.role,
        u1_0.updated_at,
        u1_0.uuid 
    from
        users u1_0 
    where
        u1_0.email=?
2025-06-14 09:53:56,346 [http-nio-8080-exec-6] [trace=] INFO  c.e.demo.aspect.ServiceLoggingAspect - Entering service method: JwtService.isTokenValid [correlationId: null]
2025-06-14 09:53:56,348 [http-nio-8080-exec-6] [trace=] INFO  c.e.demo.aspect.ServiceLoggingAspect - Completed service method: JwtService.isTokenValid [duration: 2ms, correlationId: null]
2025-06-14 09:53:56,349 [http-nio-8080-exec-6] [trace=f580e795-d2a8-4dcd-89aa-7124f8e7374a] INFO  c.e.d.i.RequestLoggingInterceptor - Request started: GET /api/tasks [correlationId: f580e795-d2a8-4dcd-89aa-7124f8e7374a]
2025-06-14 09:53:56,350 [http-nio-8080-exec-6] [trace=f580e795-d2a8-4dcd-89aa-7124f8e7374a] INFO  c.e.demo.aspect.ServiceLoggingAspect - Entering service method: TaskService.getAllTasks [correlationId: f580e795-d2a8-4dcd-89aa-7124f8e7374a]
2025-06-14 09:53:56,350 [http-nio-8080-exec-6] [trace=f580e795-d2a8-4dcd-89aa-7124f8e7374a] INFO  c.e.demo.aspect.ServiceLoggingAspect - Completed service method: TaskService.getAllTasks [duration: 0ms, correlationId: f580e795-d2a8-4dcd-89aa-7124f8e7374a]
2025-06-14 09:53:56,353 [http-nio-8080-exec-6] [trace=f580e795-d2a8-4dcd-89aa-7124f8e7374a] INFO  c.e.d.i.RequestLoggingInterceptor - Request processed: GET /api/tasks [status: 200, duration: 4ms]
2025-06-14 09:54:02,807 [http-nio-8080-exec-7] [trace=] INFO  c.e.demo.aspect.ServiceLoggingAspect - Entering service method: JwtService.extractUsername [correlationId: null]
2025-06-14 09:54:02,810 [http-nio-8080-exec-7] [trace=] INFO  c.e.demo.aspect.ServiceLoggingAspect - Completed service method: JwtService.extractUsername [duration: 3ms, correlationId: null]
2025-06-14 09:54:02,810 [http-nio-8080-exec-7] [trace=] DEBUG org.hibernate.SQL - 
    select
        u1_0.id,
        u1_0.created_at,
        u1_0.email,
        u1_0.manager_id,
        u1_0.password,
        u1_0.is_restricted,
        u1_0.role,
        u1_0.updated_at,
        u1_0.uuid 
    from
        users u1_0 
    where
        u1_0.email=?
2025-06-14 09:54:02,817 [http-nio-8080-exec-7] [trace=] DEBUG org.hibernate.SQL - 
    select
        u1_0.id,
        u1_0.created_at,
        u1_0.email,
        m1_0.id,
        m1_0.created_at,
        m1_0.email,
        m1_0.manager_id,
        m1_0.password,
        m1_0.is_restricted,
        m1_0.role,
        m1_0.updated_at,
        m1_0.uuid,
        u1_0.password,
        u1_0.is_restricted,
        u1_0.role,
        u1_0.updated_at,
        u1_0.uuid 
    from
        users u1_0 
    left join
        users m1_0 
            on m1_0.id=u1_0.manager_id 
    where
        u1_0.id=?
2025-06-14 09:54:02,821 [http-nio-8080-exec-7] [trace=] INFO  c.e.demo.aspect.ServiceLoggingAspect - Entering service method: JwtService.isTokenValid [correlationId: null]
2025-06-14 09:54:02,826 [http-nio-8080-exec-7] [trace=] INFO  c.e.demo.aspect.ServiceLoggingAspect - Completed service method: JwtService.isTokenValid [duration: 4ms, correlationId: null]
2025-06-14 09:54:02,827 [http-nio-8080-exec-7] [trace=f635ac03-56c6-4d80-8d26-b150c7de2541] INFO  c.e.d.i.RequestLoggingInterceptor - Request started: GET /api/tasks [correlationId: f635ac03-56c6-4d80-8d26-b150c7de2541]
2025-06-14 09:54:02,829 [http-nio-8080-exec-7] [trace=f635ac03-56c6-4d80-8d26-b150c7de2541] INFO  c.e.demo.aspect.ServiceLoggingAspect - Entering service method: TaskService.getAllTasks [correlationId: f635ac03-56c6-4d80-8d26-b150c7de2541]
2025-06-14 09:54:02,831 [http-nio-8080-exec-7] [trace=f635ac03-56c6-4d80-8d26-b150c7de2541] DEBUG org.hibernate.SQL - 
    select
        t1_0.id,
        t1_0.assigned_to_id,
        t1_0.created_at,
        t1_0.created_by_id,
        t1_0.description,
        t1_0.status,
        t1_0.title,
        t1_0.updated_at,
        t1_0.uuid 
    from
        tasks t1_0 
    left join
        users at1_0 
            on at1_0.id=t1_0.assigned_to_id 
    where
        at1_0.uuid=? 
    order by
        t1_0.created_at 
    fetch
        first ? rows only
2025-06-14 09:54:02,836 [http-nio-8080-exec-7] [trace=f635ac03-56c6-4d80-8d26-b150c7de2541] DEBUG org.hibernate.SQL - 
    select
        u1_0.id,
        u1_0.created_at,
        u1_0.email,
        m1_0.id,
        m1_0.created_at,
        m1_0.email,
        m1_0.manager_id,
        m1_0.password,
        m1_0.is_restricted,
        m1_0.role,
        m1_0.updated_at,
        m1_0.uuid,
        u1_0.password,
        u1_0.is_restricted,
        u1_0.role,
        u1_0.updated_at,
        u1_0.uuid 
    from
        users u1_0 
    left join
        users m1_0 
            on m1_0.id=u1_0.manager_id 
    where
        u1_0.id=?
2025-06-14 09:54:02,842 [http-nio-8080-exec-7] [trace=f635ac03-56c6-4d80-8d26-b150c7de2541] INFO  c.e.demo.aspect.ServiceLoggingAspect - Completed service method: TaskService.getAllTasks [duration: 13ms, correlationId: f635ac03-56c6-4d80-8d26-b150c7de2541]
2025-06-14 09:54:02,844 [http-nio-8080-exec-7] [trace=f635ac03-56c6-4d80-8d26-b150c7de2541] INFO  c.e.d.i.RequestLoggingInterceptor - Request processed: GET /api/tasks [status: 200, duration: 16ms]
2025-06-14 09:55:16,881 [SpringApplicationShutdownHook] [trace=] INFO  o.s.b.w.e.tomcat.GracefulShutdown - Commencing graceful shutdown. Waiting for active requests to complete
2025-06-14 09:55:16,914 [tomcat-shutdown] [trace=] INFO  o.s.b.w.e.tomcat.GracefulShutdown - Graceful shutdown complete
2025-06-14 09:55:16,923 [SpringApplicationShutdownHook] [trace=] INFO  o.s.o.j.LocalContainerEntityManagerFactoryBean - Closing JPA EntityManagerFactory for persistence unit 'default'
2025-06-14 09:55:16,928 [SpringApplicationShutdownHook] [trace=] INFO  com.zaxxer.hikari.HikariDataSource - HikariPool-1 - Shutdown initiated...
2025-06-14 09:55:16,940 [SpringApplicationShutdownHook] [trace=] INFO  com.zaxxer.hikari.HikariDataSource - HikariPool-1 - Shutdown completed.
2025-06-14 09:55:25,814 [main] [trace=] INFO  com.example.demo.DemoApplication - Starting DemoApplication using Java 23.0.1 with PID 4708 (F:\Projects\Learning Java\Project-Day_10-15\target\classes started by Mateen in F:\Projects\Learning Java\Project-Day_10-15)
2025-06-14 09:55:25,821 [main] [trace=] DEBUG com.example.demo.DemoApplication - Running with Spring Boot v3.4.5, Spring v6.2.6
2025-06-14 09:55:25,823 [main] [trace=] INFO  com.example.demo.DemoApplication - No active profile set, falling back to 1 default profile: "default"
2025-06-14 09:55:28,674 [main] [trace=] INFO  o.s.d.r.c.RepositoryConfigurationDelegate - Bootstrapping Spring Data JPA repositories in DEFAULT mode.
2025-06-14 09:55:28,792 [main] [trace=] INFO  o.s.d.r.c.RepositoryConfigurationDelegate - Finished Spring Data repository scanning in 93 ms. Found 2 JPA repository interfaces.
2025-06-14 09:55:30,987 [main] [trace=] INFO  o.s.b.w.e.tomcat.TomcatWebServer - Tomcat initialized with port 8080 (http)
2025-06-14 09:55:31,071 [main] [trace=] INFO  o.a.coyote.http11.Http11NioProtocol - Initializing ProtocolHandler ["http-nio-8080"]
2025-06-14 09:55:31,078 [main] [trace=] INFO  o.a.catalina.core.StandardService - Starting service [Tomcat]
2025-06-14 09:55:31,080 [main] [trace=] INFO  o.a.catalina.core.StandardEngine - Starting Servlet engine: [Apache Tomcat/10.1.40]
2025-06-14 09:55:31,224 [main] [trace=] INFO  o.a.c.c.C.[Tomcat].[localhost].[/] - Initializing Spring embedded WebApplicationContext
2025-06-14 09:55:31,225 [main] [trace=] INFO  o.s.b.w.s.c.ServletWebServerApplicationContext - Root WebApplicationContext: initialization completed in 5278 ms
2025-06-14 09:55:31,563 [main] [trace=] INFO  com.zaxxer.hikari.HikariDataSource - HikariPool-1 - Starting...
2025-06-14 09:55:31,881 [main] [trace=] INFO  com.zaxxer.hikari.pool.HikariPool - HikariPool-1 - Added connection org.postgresql.jdbc.PgConnection@60b616c8
2025-06-14 09:55:31,884 [main] [trace=] INFO  com.zaxxer.hikari.HikariDataSource - HikariPool-1 - Start completed.
2025-06-14 09:55:32,355 [main] [trace=] INFO  liquibase.database - Set default schema name to public
2025-06-14 09:55:33,696 [main] [trace=] INFO  liquibase.changelog - Reading from public.databasechangelog
2025-06-14 09:55:34,509 [main] [trace=] INFO  liquibase.ui - Database is up to date, no changesets to execute
2025-06-14 09:55:34,527 [main] [trace=] INFO  liquibase.changelog - Reading from public.databasechangelog
2025-06-14 09:55:34,600 [main] [trace=] INFO  liquibase.util - UPDATE SUMMARY
2025-06-14 09:55:34,602 [main] [trace=] INFO  liquibase.util - Run:                          0
2025-06-14 09:55:34,603 [main] [trace=] INFO  liquibase.util - Previously run:               2
2025-06-14 09:55:34,604 [main] [trace=] INFO  liquibase.util - Filtered out:                 0
2025-06-14 09:55:34,605 [main] [trace=] INFO  liquibase.util - -------------------------------
2025-06-14 09:55:34,606 [main] [trace=] INFO  liquibase.util - Total change sets:            2
2025-06-14 09:55:34,610 [main] [trace=] INFO  liquibase.util - Update summary generated
2025-06-14 09:55:34,624 [main] [trace=] INFO  liquibase.command - Command execution complete
2025-06-14 09:55:35,034 [main] [trace=] INFO  o.h.jpa.internal.util.LogHelper - HHH000204: Processing PersistenceUnitInfo [name: default]
2025-06-14 09:55:35,203 [main] [trace=] INFO  org.hibernate.Version - HHH000412: Hibernate ORM core version 6.6.13.Final
2025-06-14 09:55:35,336 [main] [trace=] INFO  o.h.c.i.RegionFactoryInitiator - HHH000026: Second-level cache disabled
2025-06-14 09:55:35,997 [main] [trace=] INFO  o.s.o.j.p.SpringPersistenceUnitInfo - No LoadTimeWeaver setup: ignoring JPA class transformer
2025-06-14 09:55:36,162 [main] [trace=] INFO  o.hibernate.orm.connections.pooling - HHH10001005: Database info:
	Database JDBC URL [Connecting through datasource 'HikariDataSource (HikariPool-1)']
	Database driver: undefined/unknown
	Database version: 15.13
	Autocommit mode: undefined/unknown
	Isolation level: undefined/unknown
	Minimum pool size: undefined/unknown
	Maximum pool size: undefined/unknown
2025-06-14 09:55:38,395 [main] [trace=] INFO  o.h.e.t.j.p.i.JtaPlatformInitiator - HHH000489: No JTA platform available (set 'hibernate.transaction.jta.platform' to enable JTA platform integration)
2025-06-14 09:55:38,403 [main] [trace=] INFO  o.s.o.j.LocalContainerEntityManagerFactoryBean - Initialized JPA EntityManagerFactory for persistence unit 'default'
2025-06-14 09:55:40,084 [main] [trace=] DEBUG c.e.d.config.JwtAuthenticationFilter - Filter 'jwtAuthenticationFilter' configured for use
2025-06-14 09:55:40,295 [main] [trace=] INFO  o.s.s.c.a.a.c.InitializeAuthenticationProviderBeanManagerConfigurer$InitializeAuthenticationProviderManagerConfigurer - Global AuthenticationManager configured with AuthenticationProvider bean with name authenticationProvider
2025-06-14 09:55:40,298 [main] [trace=] WARN  o.s.s.c.a.a.c.InitializeUserDetailsBeanManagerConfigurer$InitializeUserDetailsManagerConfigurer - Global AuthenticationManager configured with an AuthenticationProvider bean. UserDetailsService beans will not be used by Spring Security for automatically configuring username/password login. Consider removing the AuthenticationProvider bean. Alternatively, consider using the UserDetailsService in a manually instantiated DaoAuthenticationProvider. If the current configuration is intentional, to turn off this warning, increase the logging level of 'org.springframework.security.config.annotation.authentication.configuration.InitializeUserDetailsBeanManagerConfigurer' to ERROR
2025-06-14 09:55:40,692 [main] [trace=] WARN  o.s.b.a.o.j.JpaBaseConfiguration$JpaWebConfiguration - spring.jpa.open-in-view is enabled by default. Therefore, database queries may be performed during view rendering. Explicitly configure spring.jpa.open-in-view to disable this warning
2025-06-14 09:55:41,556 [main] [trace=] INFO  o.s.v.b.OptionalValidatorFactoryBean - Failed to set up a Bean Validation provider: jakarta.validation.NoProviderFoundException: Unable to create a Configuration, because no Jakarta Bean Validation provider could be found. Add a provider like Hibernate Validator (RI) to your classpath.
2025-06-14 09:55:42,040 [main] [trace=] INFO  o.a.coyote.http11.Http11NioProtocol - Starting ProtocolHandler ["http-nio-8080"]
2025-06-14 09:55:42,075 [main] [trace=] INFO  o.s.b.w.e.tomcat.TomcatWebServer - Tomcat started on port 8080 (http) with context path '/'
2025-06-14 09:55:42,090 [main] [trace=] INFO  com.example.demo.DemoApplication - Started DemoApplication in 17.631 seconds (process running for 18.599)
2025-06-14 09:55:42,496 [main] [trace=] DEBUG org.hibernate.SQL - 
    select
        u1_0.id,
        u1_0.created_at,
        u1_0.email,
        u1_0.manager_id,
        u1_0.password,
        u1_0.is_restricted,
        u1_0.role,
        u1_0.updated_at,
        u1_0.uuid 
    from
        users u1_0 
    where
        u1_0.email=?
2025-06-14 09:55:42,592 [main] [trace=] DEBUG org.hibernate.SQL - 
    select
        u1_0.id,
        u1_0.created_at,
        u1_0.email,
        u1_0.manager_id,
        u1_0.password,
        u1_0.is_restricted,
        u1_0.role,
        u1_0.updated_at,
        u1_0.uuid 
    from
        users u1_0 
    where
        u1_0.email=?
2025-06-14 09:55:44,813 [http-nio-8080-exec-1] [trace=] INFO  o.a.c.c.C.[Tomcat].[localhost].[/] - Initializing Spring DispatcherServlet 'dispatcherServlet'
2025-06-14 09:55:44,814 [http-nio-8080-exec-1] [trace=] INFO  o.s.web.servlet.DispatcherServlet - Initializing Servlet 'dispatcherServlet'
2025-06-14 09:55:44,819 [http-nio-8080-exec-1] [trace=] INFO  o.s.web.servlet.DispatcherServlet - Completed initialization in 3 ms
2025-06-14 09:55:44,875 [http-nio-8080-exec-1] [trace=] INFO  c.e.demo.aspect.ServiceLoggingAspect - Entering service method: JwtService.extractUsername [correlationId: null]
2025-06-14 09:55:45,047 [http-nio-8080-exec-1] [trace=] INFO  c.e.demo.aspect.ServiceLoggingAspect - Completed service method: JwtService.extractUsername [duration: 172ms, correlationId: null]
2025-06-14 09:55:45,050 [http-nio-8080-exec-1] [trace=] DEBUG org.hibernate.SQL - 
    select
        u1_0.id,
        u1_0.created_at,
        u1_0.email,
        u1_0.manager_id,
        u1_0.password,
        u1_0.is_restricted,
        u1_0.role,
        u1_0.updated_at,
        u1_0.uuid 
    from
        users u1_0 
    where
        u1_0.email=?
2025-06-14 09:55:45,064 [http-nio-8080-exec-1] [trace=] DEBUG org.hibernate.SQL - 
    select
        u1_0.id,
        u1_0.created_at,
        u1_0.email,
        m1_0.id,
        m1_0.created_at,
        m1_0.email,
        m1_0.manager_id,
        m1_0.password,
        m1_0.is_restricted,
        m1_0.role,
        m1_0.updated_at,
        m1_0.uuid,
        u1_0.password,
        u1_0.is_restricted,
        u1_0.role,
        u1_0.updated_at,
        u1_0.uuid 
    from
        users u1_0 
    left join
        users m1_0 
            on m1_0.id=u1_0.manager_id 
    where
        u1_0.id=?
2025-06-14 09:55:45,073 [http-nio-8080-exec-1] [trace=] INFO  c.e.demo.aspect.ServiceLoggingAspect - Entering service method: JwtService.isTokenValid [correlationId: null]
2025-06-14 09:55:45,079 [http-nio-8080-exec-1] [trace=] INFO  c.e.demo.aspect.ServiceLoggingAspect - Completed service method: JwtService.isTokenValid [duration: 5ms, correlationId: null]
2025-06-14 09:55:45,100 [http-nio-8080-exec-1] [trace=a15e9e87-b971-40dd-bdfe-cd764822f52e] INFO  c.e.d.i.RequestLoggingInterceptor - Request started: GET /api/tasks [correlationId: a15e9e87-b971-40dd-bdfe-cd764822f52e]
2025-06-14 09:55:45,181 [http-nio-8080-exec-1] [trace=a15e9e87-b971-40dd-bdfe-cd764822f52e] INFO  c.e.demo.aspect.ServiceLoggingAspect - Entering service method: TaskService.getAllTasks [correlationId: a15e9e87-b971-40dd-bdfe-cd764822f52e]
2025-06-14 09:55:45,200 [http-nio-8080-exec-1] [trace=a15e9e87-b971-40dd-bdfe-cd764822f52e] DEBUG org.hibernate.SQL - 
    select
        t1_0.id,
        t1_0.assigned_to_id,
        t1_0.created_at,
        t1_0.created_by_id,
        t1_0.description,
        t1_0.status,
        t1_0.title,
        t1_0.updated_at,
        t1_0.uuid 
    from
        tasks t1_0 
    left join
        users at1_0 
            on at1_0.id=t1_0.assigned_to_id 
    where
        at1_0.uuid=? 
    order by
        t1_0.created_at 
    fetch
        first ? rows only
2025-06-14 09:55:45,204 [http-nio-8080-exec-1] [trace=a15e9e87-b971-40dd-bdfe-cd764822f52e] DEBUG org.hibernate.SQL - 
    select
        u1_0.id,
        u1_0.created_at,
        u1_0.email,
        m1_0.id,
        m1_0.created_at,
        m1_0.email,
        m1_0.manager_id,
        m1_0.password,
        m1_0.is_restricted,
        m1_0.role,
        m1_0.updated_at,
        m1_0.uuid,
        u1_0.password,
        u1_0.is_restricted,
        u1_0.role,
        u1_0.updated_at,
        u1_0.uuid 
    from
        users u1_0 
    left join
        users m1_0 
            on m1_0.id=u1_0.manager_id 
    where
        u1_0.id=?
2025-06-14 09:55:45,216 [http-nio-8080-exec-1] [trace=a15e9e87-b971-40dd-bdfe-cd764822f52e] INFO  c.e.demo.aspect.ServiceLoggingAspect - Completed service method: TaskService.getAllTasks [duration: 33ms, correlationId: a15e9e87-b971-40dd-bdfe-cd764822f52e]
2025-06-14 09:55:45,333 [http-nio-8080-exec-1] [trace=a15e9e87-b971-40dd-bdfe-cd764822f52e] WARN  o.s.d.w.c.SpringDataJacksonConfiguration$PageModule$WarningLoggingModifier - Serializing PageImpl instances as-is is not supported, meaning that there is no guarantee about the stability of the resulting JSON structure!
	For a stable JSON structure, please use Spring Data's PagedModel (globally via @EnableSpringDataWebSupport(pageSerializationMode = VIA_DTO))
	or Spring HATEOAS and Spring Data's PagedResourcesAssembler as documented in https://docs.spring.io/spring-data/commons/reference/repositories/core-extensions.html#core.web.pageables.

2025-06-14 09:55:45,394 [http-nio-8080-exec-1] [trace=a15e9e87-b971-40dd-bdfe-cd764822f52e] INFO  c.e.d.i.RequestLoggingInterceptor - Request processed: GET /api/tasks [status: 200, duration: 293ms]
2025-06-14 09:55:50,607 [http-nio-8080-exec-3] [trace=] INFO  c.e.demo.aspect.ServiceLoggingAspect - Entering service method: JwtService.extractUsername [correlationId: null]
2025-06-14 09:55:50,608 [http-nio-8080-exec-3] [trace=] INFO  c.e.demo.aspect.ServiceLoggingAspect - Completed service method: JwtService.extractUsername [duration: 0ms, correlationId: null]
2025-06-14 09:55:50,615 [http-nio-8080-exec-3] [trace=] DEBUG org.hibernate.SQL - 
    select
        u1_0.id,
        u1_0.created_at,
        u1_0.email,
        u1_0.manager_id,
        u1_0.password,
        u1_0.is_restricted,
        u1_0.role,
        u1_0.updated_at,
        u1_0.uuid 
    from
        users u1_0 
    where
        u1_0.email=?
2025-06-14 09:55:50,624 [http-nio-8080-exec-3] [trace=] INFO  c.e.demo.aspect.ServiceLoggingAspect - Entering service method: JwtService.isTokenValid [correlationId: null]
2025-06-14 09:55:50,631 [http-nio-8080-exec-3] [trace=] INFO  c.e.demo.aspect.ServiceLoggingAspect - Completed service method: JwtService.isTokenValid [duration: 6ms, correlationId: null]
2025-06-14 09:55:50,632 [http-nio-8080-exec-3] [trace=07e8b280-02db-474a-aa0f-e7f54b500b49] INFO  c.e.d.i.RequestLoggingInterceptor - Request started: GET /api/tasks [correlationId: 07e8b280-02db-474a-aa0f-e7f54b500b49]
2025-06-14 09:55:50,634 [http-nio-8080-exec-3] [trace=07e8b280-02db-474a-aa0f-e7f54b500b49] INFO  c.e.demo.aspect.ServiceLoggingAspect - Entering service method: TaskService.getAllTasks [correlationId: 07e8b280-02db-474a-aa0f-e7f54b500b49]
2025-06-14 09:55:50,672 [http-nio-8080-exec-3] [trace=07e8b280-02db-474a-aa0f-e7f54b500b49] DEBUG org.hibernate.SQL - 
    select
        t1_0.id,
        t1_0.assigned_to_id,
        t1_0.created_at,
        t1_0.created_by_id,
        t1_0.description,
        t1_0.status,
        t1_0.title,
        t1_0.updated_at,
        t1_0.uuid 
    from
        tasks t1_0 
    order by
        t1_0.created_at 
    offset
        ? rows 
    fetch
        first ? rows only
2025-06-14 09:55:50,683 [http-nio-8080-exec-3] [trace=07e8b280-02db-474a-aa0f-e7f54b500b49] DEBUG org.hibernate.SQL - 
    select
        u1_0.id,
        u1_0.created_at,
        u1_0.email,
        m1_0.id,
        m1_0.created_at,
        m1_0.email,
        m1_0.manager_id,
        m1_0.password,
        m1_0.is_restricted,
        m1_0.role,
        m1_0.updated_at,
        m1_0.uuid,
        u1_0.password,
        u1_0.is_restricted,
        u1_0.role,
        u1_0.updated_at,
        u1_0.uuid 
    from
        users u1_0 
    left join
        users m1_0 
            on m1_0.id=u1_0.manager_id 
    where
        u1_0.id=?
2025-06-14 09:55:50,691 [http-nio-8080-exec-3] [trace=07e8b280-02db-474a-aa0f-e7f54b500b49] DEBUG org.hibernate.SQL - 
    select
        u1_0.id,
        u1_0.created_at,
        u1_0.email,
        m1_0.id,
        m1_0.created_at,
        m1_0.email,
        m1_0.manager_id,
        m1_0.password,
        m1_0.is_restricted,
        m1_0.role,
        m1_0.updated_at,
        m1_0.uuid,
        u1_0.password,
        u1_0.is_restricted,
        u1_0.role,
        u1_0.updated_at,
        u1_0.uuid 
    from
        users u1_0 
    left join
        users m1_0 
            on m1_0.id=u1_0.manager_id 
    where
        u1_0.id=?
2025-06-14 09:55:50,701 [http-nio-8080-exec-3] [trace=07e8b280-02db-474a-aa0f-e7f54b500b49] DEBUG org.hibernate.SQL - 
    select
        u1_0.id,
        u1_0.created_at,
        u1_0.email,
        m1_0.id,
        m1_0.created_at,
        m1_0.email,
        m1_0.manager_id,
        m1_0.password,
        m1_0.is_restricted,
        m1_0.role,
        m1_0.updated_at,
        m1_0.uuid,
        u1_0.password,
        u1_0.is_restricted,
        u1_0.role,
        u1_0.updated_at,
        u1_0.uuid 
    from
        users u1_0 
    left join
        users m1_0 
            on m1_0.id=u1_0.manager_id 
    where
        u1_0.id=?
2025-06-14 09:55:50,726 [http-nio-8080-exec-3] [trace=07e8b280-02db-474a-aa0f-e7f54b500b49] DEBUG org.hibernate.SQL - 
    select
        count(t1_0.id) 
    from
        tasks t1_0
2025-06-14 09:55:50,739 [http-nio-8080-exec-3] [trace=07e8b280-02db-474a-aa0f-e7f54b500b49] INFO  c.e.demo.aspect.ServiceLoggingAspect - Completed service method: TaskService.getAllTasks [duration: 101ms, correlationId: 07e8b280-02db-474a-aa0f-e7f54b500b49]
2025-06-14 09:55:50,744 [http-nio-8080-exec-3] [trace=07e8b280-02db-474a-aa0f-e7f54b500b49] INFO  c.e.d.i.RequestLoggingInterceptor - Request processed: GET /api/tasks [status: 200, duration: 111ms]
2025-06-14 09:59:32,655 [SpringApplicationShutdownHook] [trace=] INFO  o.s.b.w.e.tomcat.GracefulShutdown - Commencing graceful shutdown. Waiting for active requests to complete
2025-06-14 09:59:32,674 [tomcat-shutdown] [trace=] INFO  o.s.b.w.e.tomcat.GracefulShutdown - Graceful shutdown complete
2025-06-14 09:59:32,680 [SpringApplicationShutdownHook] [trace=] INFO  o.s.o.j.LocalContainerEntityManagerFactoryBean - Closing JPA EntityManagerFactory for persistence unit 'default'
2025-06-14 09:59:32,685 [SpringApplicationShutdownHook] [trace=] INFO  com.zaxxer.hikari.HikariDataSource - HikariPool-1 - Shutdown initiated...
2025-06-14 09:59:32,691 [SpringApplicationShutdownHook] [trace=] INFO  com.zaxxer.hikari.HikariDataSource - HikariPool-1 - Shutdown completed.
2025-06-14 09:59:41,771 [main] [trace=] INFO  com.example.demo.DemoApplication - Starting DemoApplication using Java 23.0.1 with PID 11764 (F:\Projects\Learning Java\Project-Day_10-15\target\classes started by Mateen in F:\Projects\Learning Java\Project-Day_10-15)
2025-06-14 09:59:41,774 [main] [trace=] DEBUG com.example.demo.DemoApplication - Running with Spring Boot v3.4.5, Spring v6.2.6
2025-06-14 09:59:41,776 [main] [trace=] INFO  com.example.demo.DemoApplication - No active profile set, falling back to 1 default profile: "default"
2025-06-14 09:59:46,028 [main] [trace=] INFO  o.s.d.r.c.RepositoryConfigurationDelegate - Bootstrapping Spring Data JPA repositories in DEFAULT mode.
2025-06-14 09:59:46,199 [main] [trace=] INFO  o.s.d.r.c.RepositoryConfigurationDelegate - Finished Spring Data repository scanning in 140 ms. Found 2 JPA repository interfaces.
2025-06-14 09:59:49,353 [main] [trace=] INFO  o.s.b.w.e.tomcat.TomcatWebServer - Tomcat initialized with port 8080 (http)
2025-06-14 09:59:49,398 [main] [trace=] INFO  o.a.coyote.http11.Http11NioProtocol - Initializing ProtocolHandler ["http-nio-8080"]
2025-06-14 09:59:49,405 [main] [trace=] INFO  o.a.catalina.core.StandardService - Starting service [Tomcat]
2025-06-14 09:59:49,405 [main] [trace=] INFO  o.a.catalina.core.StandardEngine - Starting Servlet engine: [Apache Tomcat/10.1.40]
2025-06-14 09:59:49,559 [main] [trace=] INFO  o.a.c.c.C.[Tomcat].[localhost].[/] - Initializing Spring embedded WebApplicationContext
2025-06-14 09:59:49,559 [main] [trace=] INFO  o.s.b.w.s.c.ServletWebServerApplicationContext - Root WebApplicationContext: initialization completed in 7643 ms
2025-06-14 09:59:50,024 [main] [trace=] INFO  com.zaxxer.hikari.HikariDataSource - HikariPool-1 - Starting...
2025-06-14 09:59:50,435 [main] [trace=] INFO  com.zaxxer.hikari.pool.HikariPool - HikariPool-1 - Added connection org.postgresql.jdbc.PgConnection@71369e1a
2025-06-14 09:59:50,437 [main] [trace=] INFO  com.zaxxer.hikari.HikariDataSource - HikariPool-1 - Start completed.
2025-06-14 09:59:50,863 [main] [trace=] INFO  liquibase.database - Set default schema name to public
2025-06-14 09:59:51,787 [main] [trace=] INFO  liquibase.changelog - Reading from public.databasechangelog
2025-06-14 09:59:51,888 [main] [trace=] INFO  liquibase.ui - Database is up to date, no changesets to execute
2025-06-14 09:59:51,892 [main] [trace=] INFO  liquibase.changelog - Reading from public.databasechangelog
2025-06-14 09:59:51,907 [main] [trace=] INFO  liquibase.util - UPDATE SUMMARY
2025-06-14 09:59:51,907 [main] [trace=] INFO  liquibase.util - Run:                          0
2025-06-14 09:59:51,909 [main] [trace=] INFO  liquibase.util - Previously run:               2
2025-06-14 09:59:51,910 [main] [trace=] INFO  liquibase.util - Filtered out:                 0
2025-06-14 09:59:51,912 [main] [trace=] INFO  liquibase.util - -------------------------------
2025-06-14 09:59:51,912 [main] [trace=] INFO  liquibase.util - Total change sets:            2
2025-06-14 09:59:51,916 [main] [trace=] INFO  liquibase.util - Update summary generated
2025-06-14 09:59:51,917 [main] [trace=] INFO  liquibase.command - Command execution complete
2025-06-14 09:59:52,208 [main] [trace=] INFO  o.h.jpa.internal.util.LogHelper - HHH000204: Processing PersistenceUnitInfo [name: default]
2025-06-14 09:59:52,335 [main] [trace=] INFO  org.hibernate.Version - HHH000412: Hibernate ORM core version 6.6.13.Final
2025-06-14 09:59:52,386 [main] [trace=] INFO  o.h.c.i.RegionFactoryInitiator - HHH000026: Second-level cache disabled
2025-06-14 09:59:52,983 [main] [trace=] INFO  o.s.o.j.p.SpringPersistenceUnitInfo - No LoadTimeWeaver setup: ignoring JPA class transformer
2025-06-14 09:59:53,168 [main] [trace=] INFO  o.hibernate.orm.connections.pooling - HHH10001005: Database info:
	Database JDBC URL [Connecting through datasource 'HikariDataSource (HikariPool-1)']
	Database driver: undefined/unknown
	Database version: 15.13
	Autocommit mode: undefined/unknown
	Isolation level: undefined/unknown
	Minimum pool size: undefined/unknown
	Maximum pool size: undefined/unknown
2025-06-14 09:59:54,892 [main] [trace=] INFO  o.h.e.t.j.p.i.JtaPlatformInitiator - HHH000489: No JTA platform available (set 'hibernate.transaction.jta.platform' to enable JTA platform integration)
2025-06-14 09:59:54,898 [main] [trace=] INFO  o.s.o.j.LocalContainerEntityManagerFactoryBean - Initialized JPA EntityManagerFactory for persistence unit 'default'
2025-06-14 09:59:56,197 [main] [trace=] DEBUG c.e.d.config.JwtAuthenticationFilter - Filter 'jwtAuthenticationFilter' configured for use
2025-06-14 09:59:56,351 [main] [trace=] INFO  o.s.s.c.a.a.c.InitializeAuthenticationProviderBeanManagerConfigurer$InitializeAuthenticationProviderManagerConfigurer - Global AuthenticationManager configured with AuthenticationProvider bean with name authenticationProvider
2025-06-14 09:59:56,353 [main] [trace=] WARN  o.s.s.c.a.a.c.InitializeUserDetailsBeanManagerConfigurer$InitializeUserDetailsManagerConfigurer - Global AuthenticationManager configured with an AuthenticationProvider bean. UserDetailsService beans will not be used by Spring Security for automatically configuring username/password login. Consider removing the AuthenticationProvider bean. Alternatively, consider using the UserDetailsService in a manually instantiated DaoAuthenticationProvider. If the current configuration is intentional, to turn off this warning, increase the logging level of 'org.springframework.security.config.annotation.authentication.configuration.InitializeUserDetailsBeanManagerConfigurer' to ERROR
2025-06-14 09:59:56,785 [main] [trace=] WARN  o.s.b.a.o.j.JpaBaseConfiguration$JpaWebConfiguration - spring.jpa.open-in-view is enabled by default. Therefore, database queries may be performed during view rendering. Explicitly configure spring.jpa.open-in-view to disable this warning
2025-06-14 09:59:57,927 [main] [trace=] INFO  o.s.v.b.OptionalValidatorFactoryBean - Failed to set up a Bean Validation provider: jakarta.validation.NoProviderFoundException: Unable to create a Configuration, because no Jakarta Bean Validation provider could be found. Add a provider like Hibernate Validator (RI) to your classpath.
2025-06-14 09:59:58,670 [main] [trace=] INFO  o.a.coyote.http11.Http11NioProtocol - Starting ProtocolHandler ["http-nio-8080"]
2025-06-14 09:59:58,712 [main] [trace=] INFO  o.s.b.w.e.tomcat.TomcatWebServer - Tomcat started on port 8080 (http) with context path '/'
2025-06-14 09:59:58,724 [main] [trace=] INFO  com.example.demo.DemoApplication - Started DemoApplication in 18.316 seconds (process running for 19.135)
2025-06-14 09:59:59,148 [main] [trace=] DEBUG org.hibernate.SQL - 
    select
        u1_0.id,
        u1_0.created_at,
        u1_0.email,
        u1_0.manager_id,
        u1_0.password,
        u1_0.is_restricted,
        u1_0.role,
        u1_0.updated_at,
        u1_0.uuid 
    from
        users u1_0 
    where
        u1_0.email=?
2025-06-14 09:59:59,273 [main] [trace=] DEBUG org.hibernate.SQL - 
    select
        u1_0.id,
        u1_0.created_at,
        u1_0.email,
        u1_0.manager_id,
        u1_0.password,
        u1_0.is_restricted,
        u1_0.role,
        u1_0.updated_at,
        u1_0.uuid 
    from
        users u1_0 
    where
        u1_0.email=?
2025-06-14 10:00:06,419 [http-nio-8080-exec-2] [trace=] INFO  o.a.c.c.C.[Tomcat].[localhost].[/] - Initializing Spring DispatcherServlet 'dispatcherServlet'
2025-06-14 10:00:06,419 [http-nio-8080-exec-2] [trace=] INFO  o.s.web.servlet.DispatcherServlet - Initializing Servlet 'dispatcherServlet'
2025-06-14 10:00:06,423 [http-nio-8080-exec-2] [trace=] INFO  o.s.web.servlet.DispatcherServlet - Completed initialization in 4 ms
2025-06-14 10:00:06,673 [http-nio-8080-exec-2] [trace=] INFO  c.e.demo.aspect.ServiceLoggingAspect - Entering service method: JwtService.extractUsername [correlationId: null]
2025-06-14 10:00:07,095 [http-nio-8080-exec-2] [trace=] INFO  c.e.demo.aspect.ServiceLoggingAspect - Completed service method: JwtService.extractUsername [duration: 421ms, correlationId: null]
2025-06-14 10:00:07,100 [http-nio-8080-exec-2] [trace=] DEBUG org.hibernate.SQL - 
    select
        u1_0.id,
        u1_0.created_at,
        u1_0.email,
        u1_0.manager_id,
        u1_0.password,
        u1_0.is_restricted,
        u1_0.role,
        u1_0.updated_at,
        u1_0.uuid 
    from
        users u1_0 
    where
        u1_0.email=?
2025-06-14 10:00:07,111 [http-nio-8080-exec-2] [trace=] INFO  c.e.demo.aspect.ServiceLoggingAspect - Entering service method: JwtService.isTokenValid [correlationId: null]
2025-06-14 10:00:07,127 [http-nio-8080-exec-2] [trace=] INFO  c.e.demo.aspect.ServiceLoggingAspect - Completed service method: JwtService.isTokenValid [duration: 15ms, correlationId: null]
2025-06-14 10:00:07,148 [http-nio-8080-exec-2] [trace=73ae0a27-4a49-4e6c-bc14-ace27273aa0b] INFO  c.e.d.i.RequestLoggingInterceptor - Request started: GET /api/tasks [correlationId: 73ae0a27-4a49-4e6c-bc14-ace27273aa0b]
2025-06-14 10:00:07,275 [http-nio-8080-exec-2] [trace=73ae0a27-4a49-4e6c-bc14-ace27273aa0b] INFO  c.e.demo.aspect.ServiceLoggingAspect - Entering service method: TaskService.getAllTasks [correlationId: 73ae0a27-4a49-4e6c-bc14-ace27273aa0b]
2025-06-14 10:00:07,351 [http-nio-8080-exec-2] [trace=73ae0a27-4a49-4e6c-bc14-ace27273aa0b] DEBUG org.hibernate.SQL - 
    select
        t1_0.id,
        t1_0.assigned_to_id,
        t1_0.created_at,
        t1_0.created_by_id,
        t1_0.description,
        t1_0.status,
        t1_0.title,
        t1_0.updated_at,
        t1_0.uuid 
    from
        tasks t1_0 
    order by
        t1_0.created_at 
    offset
        ? rows 
    fetch
        first ? rows only
2025-06-14 10:00:07,383 [http-nio-8080-exec-2] [trace=73ae0a27-4a49-4e6c-bc14-ace27273aa0b] DEBUG org.hibernate.SQL - 
    select
        u1_0.id,
        u1_0.created_at,
        u1_0.email,
        m1_0.id,
        m1_0.created_at,
        m1_0.email,
        m1_0.manager_id,
        m1_0.password,
        m1_0.is_restricted,
        m1_0.role,
        m1_0.updated_at,
        m1_0.uuid,
        u1_0.password,
        u1_0.is_restricted,
        u1_0.role,
        u1_0.updated_at,
        u1_0.uuid 
    from
        users u1_0 
    left join
        users m1_0 
            on m1_0.id=u1_0.manager_id 
    where
        u1_0.id=?
2025-06-14 10:00:07,396 [http-nio-8080-exec-2] [trace=73ae0a27-4a49-4e6c-bc14-ace27273aa0b] DEBUG org.hibernate.SQL - 
    select
        u1_0.id,
        u1_0.created_at,
        u1_0.email,
        m1_0.id,
        m1_0.created_at,
        m1_0.email,
        m1_0.manager_id,
        m1_0.password,
        m1_0.is_restricted,
        m1_0.role,
        m1_0.updated_at,
        m1_0.uuid,
        u1_0.password,
        u1_0.is_restricted,
        u1_0.role,
        u1_0.updated_at,
        u1_0.uuid 
    from
        users u1_0 
    left join
        users m1_0 
            on m1_0.id=u1_0.manager_id 
    where
        u1_0.id=?
2025-06-14 10:00:07,407 [http-nio-8080-exec-2] [trace=73ae0a27-4a49-4e6c-bc14-ace27273aa0b] DEBUG org.hibernate.SQL - 
    select
        u1_0.id,
        u1_0.created_at,
        u1_0.email,
        m1_0.id,
        m1_0.created_at,
        m1_0.email,
        m1_0.manager_id,
        m1_0.password,
        m1_0.is_restricted,
        m1_0.role,
        m1_0.updated_at,
        m1_0.uuid,
        u1_0.password,
        u1_0.is_restricted,
        u1_0.role,
        u1_0.updated_at,
        u1_0.uuid 
    from
        users u1_0 
    left join
        users m1_0 
            on m1_0.id=u1_0.manager_id 
    where
        u1_0.id=?
2025-06-14 10:00:07,425 [http-nio-8080-exec-2] [trace=73ae0a27-4a49-4e6c-bc14-ace27273aa0b] DEBUG org.hibernate.SQL - 
    select
        count(t1_0.id) 
    from
        tasks t1_0
2025-06-14 10:00:07,439 [http-nio-8080-exec-2] [trace=73ae0a27-4a49-4e6c-bc14-ace27273aa0b] INFO  c.e.demo.aspect.ServiceLoggingAspect - Completed service method: TaskService.getAllTasks [duration: 163ms, correlationId: 73ae0a27-4a49-4e6c-bc14-ace27273aa0b]
2025-06-14 10:00:07,591 [http-nio-8080-exec-2] [trace=73ae0a27-4a49-4e6c-bc14-ace27273aa0b] WARN  o.s.d.w.c.SpringDataJacksonConfiguration$PageModule$WarningLoggingModifier - Serializing PageImpl instances as-is is not supported, meaning that there is no guarantee about the stability of the resulting JSON structure!
	For a stable JSON structure, please use Spring Data's PagedModel (globally via @EnableSpringDataWebSupport(pageSerializationMode = VIA_DTO))
	or Spring HATEOAS and Spring Data's PagedResourcesAssembler as documented in https://docs.spring.io/spring-data/commons/reference/repositories/core-extensions.html#core.web.pageables.

2025-06-14 10:00:07,640 [http-nio-8080-exec-2] [trace=73ae0a27-4a49-4e6c-bc14-ace27273aa0b] INFO  c.e.d.i.RequestLoggingInterceptor - Request processed: GET /api/tasks [status: 200, duration: 490ms]
2025-06-14 10:00:10,852 [http-nio-8080-exec-3] [trace=] INFO  c.e.demo.aspect.ServiceLoggingAspect - Entering service method: JwtService.extractUsername [correlationId: null]
2025-06-14 10:00:10,869 [http-nio-8080-exec-3] [trace=] INFO  c.e.demo.aspect.ServiceLoggingAspect - Completed service method: JwtService.extractUsername [duration: 15ms, correlationId: null]
2025-06-14 10:00:10,874 [http-nio-8080-exec-3] [trace=] DEBUG org.hibernate.SQL - 
    select
        u1_0.id,
        u1_0.created_at,
        u1_0.email,
        u1_0.manager_id,
        u1_0.password,
        u1_0.is_restricted,
        u1_0.role,
        u1_0.updated_at,
        u1_0.uuid 
    from
        users u1_0 
    where
        u1_0.email=?
2025-06-14 10:00:10,888 [http-nio-8080-exec-3] [trace=] INFO  c.e.demo.aspect.ServiceLoggingAspect - Entering service method: JwtService.isTokenValid [correlationId: null]
2025-06-14 10:00:10,899 [http-nio-8080-exec-3] [trace=] INFO  c.e.demo.aspect.ServiceLoggingAspect - Completed service method: JwtService.isTokenValid [duration: 10ms, correlationId: null]
2025-06-14 10:00:10,903 [http-nio-8080-exec-3] [trace=dbd25328-ef49-4d72-b689-bc70c7d28fcd] INFO  c.e.d.i.RequestLoggingInterceptor - Request started: GET /api/task/manager/all [correlationId: dbd25328-ef49-4d72-b689-bc70c7d28fcd]
2025-06-14 10:00:23,101 [http-nio-8080-exec-4] [trace=] INFO  c.e.demo.aspect.ServiceLoggingAspect - Entering service method: JwtService.extractUsername [correlationId: null]
2025-06-14 10:00:23,107 [http-nio-8080-exec-4] [trace=] INFO  c.e.demo.aspect.ServiceLoggingAspect - Completed service method: JwtService.extractUsername [duration: 4ms, correlationId: null]
2025-06-14 10:00:23,114 [http-nio-8080-exec-4] [trace=] DEBUG org.hibernate.SQL - 
    select
        u1_0.id,
        u1_0.created_at,
        u1_0.email,
        u1_0.manager_id,
        u1_0.password,
        u1_0.is_restricted,
        u1_0.role,
        u1_0.updated_at,
        u1_0.uuid 
    from
        users u1_0 
    where
        u1_0.email=?
2025-06-14 10:00:23,125 [http-nio-8080-exec-4] [trace=] INFO  c.e.demo.aspect.ServiceLoggingAspect - Entering service method: JwtService.isTokenValid [correlationId: null]
2025-06-14 10:00:23,139 [http-nio-8080-exec-4] [trace=] INFO  c.e.demo.aspect.ServiceLoggingAspect - Completed service method: JwtService.isTokenValid [duration: 13ms, correlationId: null]
2025-06-14 10:00:23,142 [http-nio-8080-exec-4] [trace=325cadca-f099-42af-b361-fc98c8c5fc43] INFO  c.e.d.i.RequestLoggingInterceptor - Request started: GET /api/tasks [correlationId: 325cadca-f099-42af-b361-fc98c8c5fc43]
2025-06-14 10:00:23,148 [http-nio-8080-exec-4] [trace=325cadca-f099-42af-b361-fc98c8c5fc43] INFO  c.e.demo.aspect.ServiceLoggingAspect - Entering service method: TaskService.getAllTasks [correlationId: 325cadca-f099-42af-b361-fc98c8c5fc43]
2025-06-14 10:00:23,181 [http-nio-8080-exec-4] [trace=325cadca-f099-42af-b361-fc98c8c5fc43] DEBUG org.hibernate.SQL - 
    select
        t1_0.id,
        t1_0.assigned_to_id,
        t1_0.created_at,
        t1_0.created_by_id,
        t1_0.description,
        t1_0.status,
        t1_0.title,
        t1_0.updated_at,
        t1_0.uuid 
    from
        tasks t1_0 
    left join
        users cb1_0 
            on cb1_0.id=t1_0.created_by_id 
    where
        cb1_0.uuid=? 
    order by
        t1_0.created_at 
    fetch
        first ? rows only
2025-06-14 10:00:23,191 [http-nio-8080-exec-4] [trace=325cadca-f099-42af-b361-fc98c8c5fc43] DEBUG org.hibernate.SQL - 
    select
        u1_0.id,
        u1_0.created_at,
        u1_0.email,
        m1_0.id,
        m1_0.created_at,
        m1_0.email,
        m1_0.manager_id,
        m1_0.password,
        m1_0.is_restricted,
        m1_0.role,
        m1_0.updated_at,
        m1_0.uuid,
        u1_0.password,
        u1_0.is_restricted,
        u1_0.role,
        u1_0.updated_at,
        u1_0.uuid 
    from
        users u1_0 
    left join
        users m1_0 
            on m1_0.id=u1_0.manager_id 
    where
        u1_0.id=?
2025-06-14 10:00:23,200 [http-nio-8080-exec-4] [trace=325cadca-f099-42af-b361-fc98c8c5fc43] DEBUG org.hibernate.SQL - 
    select
        u1_0.id,
        u1_0.created_at,
        u1_0.email,
        m1_0.id,
        m1_0.created_at,
        m1_0.email,
        m1_0.manager_id,
        m1_0.password,
        m1_0.is_restricted,
        m1_0.role,
        m1_0.updated_at,
        m1_0.uuid,
        u1_0.password,
        u1_0.is_restricted,
        u1_0.role,
        u1_0.updated_at,
        u1_0.uuid 
    from
        users u1_0 
    left join
        users m1_0 
            on m1_0.id=u1_0.manager_id 
    where
        u1_0.id=?
2025-06-14 10:00:23,210 [http-nio-8080-exec-4] [trace=325cadca-f099-42af-b361-fc98c8c5fc43] DEBUG org.hibernate.SQL - 
    select
        u1_0.id,
        u1_0.created_at,
        u1_0.email,
        m1_0.id,
        m1_0.created_at,
        m1_0.email,
        m1_0.manager_id,
        m1_0.password,
        m1_0.is_restricted,
        m1_0.role,
        m1_0.updated_at,
        m1_0.uuid,
        u1_0.password,
        u1_0.is_restricted,
        u1_0.role,
        u1_0.updated_at,
        u1_0.uuid 
    from
        users u1_0 
    left join
        users m1_0 
            on m1_0.id=u1_0.manager_id 
    where
        u1_0.id=?
2025-06-14 10:00:23,231 [http-nio-8080-exec-4] [trace=325cadca-f099-42af-b361-fc98c8c5fc43] DEBUG org.hibernate.SQL - 
    select
        count(t1_0.id) 
    from
        tasks t1_0 
    left join
        users cb1_0 
            on cb1_0.id=t1_0.created_by_id 
    where
        cb1_0.uuid=?
2025-06-14 10:00:23,243 [http-nio-8080-exec-4] [trace=325cadca-f099-42af-b361-fc98c8c5fc43] INFO  c.e.demo.aspect.ServiceLoggingAspect - Completed service method: TaskService.getAllTasks [duration: 92ms, correlationId: 325cadca-f099-42af-b361-fc98c8c5fc43]
2025-06-14 10:00:23,253 [http-nio-8080-exec-4] [trace=325cadca-f099-42af-b361-fc98c8c5fc43] INFO  c.e.d.i.RequestLoggingInterceptor - Request processed: GET /api/tasks [status: 200, duration: 109ms]
